#! /c/Source/iverilog-install/bin/vvp
:ivl_version "12.0 (devel)" "(s20150603-1539-g2693dd32b)";
:ivl_delay_selection "TYPICAL";
:vpi_time_precision - 12;
:vpi_module "C:\iverilog\lib\ivl\system.vpi";
:vpi_module "C:\iverilog\lib\ivl\vhdl_sys.vpi";
:vpi_module "C:\iverilog\lib\ivl\vhdl_textio.vpi";
:vpi_module "C:\iverilog\lib\ivl\v2005_math.vpi";
:vpi_module "C:\iverilog\lib\ivl\va_math.vpi";
:vpi_module "C:\iverilog\lib\ivl\v2009.vpi";
S_000002222b7b65f0 .scope package, "$unit" "$unit" 2 1;
 .timescale 0 0;
S_000002222b7b7b20 .scope module, "tb_Gray_code" "tb_Gray_code" 3 2;
 .timescale -9 -12;
v000002222b7c6930_0 .net "bin_count", 3 0, v000002222b7b6780_0;  1 drivers
v000002222b7c69d0_0 .var "clk", 0 0;
v000002222b7c3140_0 .net "gray_count", 3 0, L_000002222b7c6a70;  1 drivers
v000002222b7c31e0_0 .var "rst", 0 0;
E_000002222b8eac70 .event posedge, v000002222b7b7cb0_0;
S_000002222b7c6660 .scope module, "dut" "Gray_count" 3 7, 4 1 0, S_000002222b7b7b20;
 .timescale 0 0;
    .port_info 0 /INPUT 1 "clk";
    .port_info 1 /INPUT 1 "rst";
    .port_info 2 /OUTPUT 4 "gray_count";
    .port_info 3 /OUTPUT 4 "bin_count";
P_000002222b8eb370 .param/l "WIDTH" 0 4 1, +C4<00000000000000000000000000000100>;
L_000002222b7c6a70 .functor XOR 4, v000002222b7b6780_0, L_000002222b7c3ff0, C4<0000>, C4<0000>;
v000002222b792f10_0 .net *"_ivl_0", 3 0, L_000002222b7c3ff0;  1 drivers
v000002222b792b20_0 .net *"_ivl_2", 2 0, L_000002222b7c3690;  1 drivers
L_000002222b810868 .functor BUFT 1, C4<0>, C4<0>, C4<0>, C4<0>;
v000002222b793130_0 .net *"_ivl_4", 0 0, L_000002222b810868;  1 drivers
v000002222b7b6780_0 .var "bin_count", 3 0;
v000002222b7b7cb0_0 .net "clk", 0 0, v000002222b7c69d0_0;  1 drivers
v000002222b7c67f0_0 .net "gray_count", 3 0, L_000002222b7c6a70;  alias, 1 drivers
v000002222b7c6890_0 .net "rst", 0 0, v000002222b7c31e0_0;  1 drivers
E_000002222b8eadb0 .event posedge, v000002222b7c6890_0, v000002222b7b7cb0_0;
L_000002222b7c3690 .part v000002222b7b6780_0, 1, 3;
L_000002222b7c3ff0 .concat [ 3 1 0 0], L_000002222b7c3690, L_000002222b810868;
    .scope S_000002222b7c6660;
T_0 ;
    %wait E_000002222b8eadb0;
    %load/vec4 v000002222b7c6890_0;
    %flag_set/vec4 8;
    %jmp/0xz  T_0.0, 8;
    %pushi/vec4 0, 0, 4;
    %assign/vec4 v000002222b7b6780_0, 0;
    %jmp T_0.1;
T_0.0 ;
    %load/vec4 v000002222b7b6780_0;
    %addi 1, 0, 4;
    %assign/vec4 v000002222b7b6780_0, 0;
T_0.1 ;
    %jmp T_0;
    .thread T_0;
    .scope S_000002222b7b7b20;
T_1 ;
    %pushi/vec4 0, 0, 1;
    %store/vec4 v000002222b7c69d0_0, 0, 1;
    %end;
    .thread T_1;
    .scope S_000002222b7b7b20;
T_2 ;
    %delay 5000, 0;
    %load/vec4 v000002222b7c69d0_0;
    %inv;
    %store/vec4 v000002222b7c69d0_0, 0, 1;
    %jmp T_2;
    .thread T_2;
    .scope S_000002222b7b7b20;
T_3 ;
    %vpi_call/w 3 16 "$dumpfile", "dump.vcd" {0 0 0};
    %vpi_call/w 3 17 "$dumpvars", 32'sb00000000000000000000000000000000, S_000002222b7b7b20 {0 0 0};
    %vpi_call/w 3 19 "$display", "--Bat dau mo phong--" {0 0 0};
    %pushi/vec4 1, 0, 1;
    %store/vec4 v000002222b7c31e0_0, 0, 1;
    %delay 20000, 0;
    %pushi/vec4 0, 0, 1;
    %store/vec4 v000002222b7c31e0_0, 0, 1;
    %pushi/vec4 20, 0, 32;
T_3.0 %dup/vec4;
    %pushi/vec4 0, 0, 32;
    %cmp/s;
    %jmp/1xz T_3.1, 5;
    %jmp/1 T_3.1, 4;
    %pushi/vec4 1, 0, 32;
    %sub;
    %wait E_000002222b8eac70;
    %jmp T_3.0;
T_3.1 ;
    %pop/vec4 1;
    %vpi_call/w 3 27 "$display", "--Ket thuc mo phong--" {0 0 0};
    %vpi_call/w 3 28 "$finish" {0 0 0};
    %end;
    .thread T_3;
# The file index is used to find the file name in the following table.
:file_names 5;
    "N/A";
    "<interactive>";
    "-";
    "tb_Gray_code.v";
    "labf6_Gray_code.v";
