#! /c/Source/iverilog-install/bin/vvp
:ivl_version "12.0 (devel)" "(s20150603-1539-g2693dd32b)";
:ivl_delay_selection "TYPICAL";
:vpi_time_precision - 12;
:vpi_module "C:\iverilog\lib\ivl\system.vpi";
:vpi_module "C:\iverilog\lib\ivl\vhdl_sys.vpi";
:vpi_module "C:\iverilog\lib\ivl\vhdl_textio.vpi";
:vpi_module "C:\iverilog\lib\ivl\v2005_math.vpi";
:vpi_module "C:\iverilog\lib\ivl\va_math.vpi";
S_000001793c0cb9e0 .scope module, "Test_Bench" "Test_Bench" 2 2;
 .timescale -9 -12;
L_000001793c1d0160 .functor BUFT 1, C4<0>, C4<0>, C4<0>, C4<0>;
v000001793c199bb0_0 .net/2u *"_ivl_1", 0 0, L_000001793c1d0160;  1 drivers
o000001793c147cf8 .functor BUFZ 1, C4<z>; HiZ drive
; Elide local net with no drivers, v000001793c19a970_0 name=_ivl_3
v000001793c19a510_0 .var/i "i", 31 0;
v000001793c199b10_0 .var "rand_data", 7 0;
v000001793c19a010_0 .var "sda_drive_low", 0 0;
v000001793c199930_0 .net "tb_SCL", 0 0, v000001793c144ee0_0;  1 drivers
v000001793c199110_0 .var "tb_addr", 6 0;
v000001793c199430_0 .net "tb_busy", 0 0, v000001793c19a470_0;  1 drivers
v000001793c198f30_0 .var "tb_clk", 0 0;
v000001793c1997f0_0 .var "tb_data", 7 0;
v000001793c19a6f0_0 .net "tb_o_ack_error", 0 0, v000001793c1992f0_0;  1 drivers
v000001793c199c50_0 .var "tb_rst", 0 0;
L_000001793c13b490 .functor BUFT 1, C8<551>, C4<0>, C4<0>, C4<0>;
RS_000001793c147668 .resolv tri, L_000001793c19a1f0, L_000001793c13b490, L_000001793c199570;
v000001793c19aa10_0 .net8 "tb_sda_bus", 0 0, RS_000001793c147668;  3 drivers, strength-aware
v000001793c19aab0_0 .var "tb_start", 0 0;
E_000001793c1417d0 .event negedge, v000001793c1441c0_0;
E_000001793c141a90 .event negedge, v000001793c144ee0_0;
E_000001793c1410d0 .event posedge, v000001793c144ee0_0;
L_000001793c199570 .functor MUXZ 1, o000001793c147cf8, L_000001793c1d0160, v000001793c19a010_0, C4<>;
S_000001793c112fc0 .scope task, "Send_byte" "Send_byte" 2 52, 2 52 0, S_000001793c0cb9e0;
 .timescale -9 -12;
v000001793c1444e0_0 .var "i_addr", 6 0;
v000001793c1449e0_0 .var "i_data", 7 0;
E_000001793c141150 .event posedge, v000001793c19a0b0_0;
E_000001793c141490 .event anyedge, v000001793c19a470_0;
E_000001793c141710 .event negedge, v000001793c19a0b0_0;
TD_Test_Bench.Send_byte ;
    %wait E_000001793c141710;
    %load/vec4 v000001793c1449e0_0;
    %store/vec4 v000001793c1997f0_0, 0, 8;
    %load/vec4 v000001793c1444e0_0;
    %store/vec4 v000001793c199110_0, 0, 7;
    %wait E_000001793c141150;
    %pushi/vec4 1, 0, 1;
    %store/vec4 v000001793c19aab0_0, 0, 1;
    %wait E_000001793c141150;
    %pushi/vec4 0, 0, 1;
    %store/vec4 v000001793c19aab0_0, 0, 1;
T_0.0 ;
    %load/vec4 v000001793c199430_0;
    %cmpi/ne 1, 0, 1;
    %jmp/0xz T_0.1, 6;
    %wait E_000001793c141490;
    %jmp T_0.0;
T_0.1 ;
    %vpi_call 2 64 "$display", "[%0t] Master bat dau gui: Addr=%h, Data=%h", $time, v000001793c1444e0_0, v000001793c1449e0_0 {0 0 0};
T_0.2 ;
    %load/vec4 v000001793c199430_0;
    %nor/r;
    %cmpi/ne 1, 0, 1;
    %jmp/0xz T_0.3, 6;
    %wait E_000001793c141490;
    %jmp T_0.2;
T_0.3 ;
    %vpi_call 2 67 "$display", "[%0t] Master da hoan thanh chu ky truyenn.", $time {0 0 0};
    %load/vec4 v000001793c19a6f0_0;
    %cmpi/e 0, 0, 1;
    %jmp/0xz  T_0.4, 4;
    %vpi_call 2 69 "$display", "[%0t] CHUC MUNG: Slave da phan hoi ACK, truyen du lieu %h thanh cong!", $time, v000001793c1449e0_0 {0 0 0};
    %jmp T_0.5;
T_0.4 ;
    %vpi_call 2 72 "$display", "[%0t] CANH BAO: Loi NACK! Slave khong ton tai hoac khong phan hoi.", $time {0 0 0};
T_0.5 ;
    %pushi/vec4 10, 0, 32;
T_0.6 %dup/vec4;
    %pushi/vec4 0, 0, 32;
    %cmp/s;
    %jmp/1xz T_0.7, 5;
    %jmp/1 T_0.7, 4;
    %pushi/vec4 1, 0, 32;
    %sub;
    %wait E_000001793c141150;
    %jmp T_0.6;
T_0.7 ;
    %pop/vec4 1;
    %end;
S_000001793c0e2ce0 .scope module, "dut" "I2C_V1_0" 2 13, 3 1 0, S_000001793c0cb9e0;
 .timescale 0 0;
    .port_info 0 /INPUT 1 "i_clk";
    .port_info 1 /INPUT 1 "i_rst";
    .port_info 2 /INPUT 1 "i_start";
    .port_info 3 /OUTPUT 1 "o_busy";
    .port_info 4 /OUTPUT 1 "o_ack_error";
    .port_info 5 /OUTPUT 1 "SCL";
    .port_info 6 /INOUT 1 "SDA";
    .port_info 7 /INPUT 8 "data";
    .port_info 8 /INPUT 7 "addr";
P_000001793c0e2e70 .param/l "ADDR" 1 3 28, C4<010>;
P_000001793c0e2ea8 .param/l "ADDR_ACK" 1 3 29, C4<011>;
P_000001793c0e2ee0 .param/l "CLK_FREQ" 0 3 1, +C4<00000001100110111111110011000000>;
P_000001793c0e2f18 .param/l "COUNT" 1 3 39, +C4<0000000000000000000000000000000000000000000000000000000001000011>;
P_000001793c0e2f50 .param/l "DATA_ACK" 1 3 31, C4<101>;
P_000001793c0e2f88 .param/l "I2C_FREQ" 0 3 2, +C4<00000000000000011000011010100000>;
P_000001793c0e2fc0 .param/l "IDLE" 1 3 26, C4<000>;
P_000001793c0e2ff8 .param/l "START" 1 3 27, C4<001>;
P_000001793c0e3030 .param/l "STOP" 1 3 32, C4<110>;
P_000001793c0e3068 .param/l "TICK0" 1 3 34, C4<00>;
P_000001793c0e30a0 .param/l "TICK1" 1 3 35, C4<01>;
P_000001793c0e30d8 .param/l "TICK2" 1 3 36, C4<10>;
P_000001793c0e3110 .param/l "TICK3" 1 3 37, C4<11>;
P_000001793c0e3148 .param/l "WRITE_DATA" 1 3 30, C4<100>;
L_000001793c13b110 .functor AND 1, v000001793c199610_0, L_000001793c19ab50, C4<1>, C4<1>;
L_000001793c13b7a0 .functor BUFZ 1, RS_000001793c147668, C4<0>, C4<0>, C4<0>;
v000001793c144ee0_0 .var "SCL", 0 0;
v000001793c1441c0_0 .net8 "SDA", 0 0, RS_000001793c147668;  alias, 3 drivers, strength-aware
v000001793c144940_0 .net *"_ivl_0", 31 0, L_000001793c19a150;  1 drivers
L_000001793c1d0118 .functor BUFT 1, C4<0>, C4<0>, C4<0>, C4<0>;
v000001793c144120_0 .net/2u *"_ivl_10", 0 0, L_000001793c1d0118;  1 drivers
o000001793c1476f8 .functor BUFZ 1, C4<z>; HiZ drive
; Elide local net with no drivers, v000001793c144260_0 name=_ivl_12
L_000001793c1d0088 .functor BUFT 1, C4<0000000000000000000000000000000>, C4<0>, C4<0>, C4<0>;
v000001793c144300_0 .net *"_ivl_3", 30 0, L_000001793c1d0088;  1 drivers
L_000001793c1d00d0 .functor BUFT 1, C4<00000000000000000000000000000000>, C4<0>, C4<0>, C4<0>;
v000001793c144c60_0 .net/2u *"_ivl_4", 31 0, L_000001793c1d00d0;  1 drivers
v000001793c1446c0_0 .net *"_ivl_6", 0 0, L_000001793c19ab50;  1 drivers
v000001793c1443a0_0 .net *"_ivl_9", 0 0, L_000001793c13b110;  1 drivers
v000001793c144620_0 .net "addr", 6 0, v000001793c199110_0;  1 drivers
v000001793c144760_0 .var "addr_buffer", 7 0;
v000001793c144800_0 .var "bit_idx", 2 0;
v000001793c144d00_0 .var "count", 7 0;
v000001793c143fe0_0 .net "data", 7 0, v000001793c1997f0_0;  1 drivers
v000001793c144080_0 .var "data_buffer", 7 0;
v000001793c19a0b0_0 .net "i_clk", 0 0, v000001793c198f30_0;  1 drivers
v000001793c198fd0_0 .net "i_rst", 0 0, v000001793c199c50_0;  1 drivers
v000001793c19ac90_0 .net "i_start", 0 0, v000001793c19aab0_0;  1 drivers
v000001793c1996b0_0 .var "next_state", 2 0;
v000001793c1992f0_0 .var "o_ack_error", 0 0;
v000001793c19a470_0 .var "o_busy", 0 0;
v000001793c199610_0 .var "sda_en", 0 0;
v000001793c19a830_0 .net "sda_in", 0 0, L_000001793c13b7a0;  1 drivers
v000001793c199e30_0 .var "sda_out", 0 0;
v000001793c19ad30_0 .var "state", 2 0;
v000001793c19a8d0_0 .var "tick", 1 0;
E_000001793c141510/0 .event anyedge, v000001793c19ad30_0, v000001793c19ac90_0, v000001793c19a8d0_0, v000001793c144800_0;
E_000001793c141510/1 .event anyedge, v000001793c1992f0_0;
E_000001793c141510 .event/or E_000001793c141510/0, E_000001793c141510/1;
E_000001793c141810 .event posedge, v000001793c198fd0_0, v000001793c19a0b0_0;
L_000001793c19a150 .concat [ 1 31 0 0], v000001793c199e30_0, L_000001793c1d0088;
L_000001793c19ab50 .cmp/eq 32, L_000001793c19a150, L_000001793c1d00d0;
L_000001793c19a1f0 .functor MUXZ 1, o000001793c1476f8, L_000001793c1d0118, L_000001793c13b110, C4<>;
    .scope S_000001793c0e2ce0;
T_1 ;
    %wait E_000001793c141810;
    %load/vec4 v000001793c198fd0_0;
    %flag_set/vec4 8;
    %jmp/0xz  T_1.0, 8;
    %pushi/vec4 0, 0, 2;
    %assign/vec4 v000001793c19a8d0_0, 0;
    %pushi/vec4 0, 0, 8;
    %assign/vec4 v000001793c144d00_0, 0;
    %pushi/vec4 0, 0, 3;
    %assign/vec4 v000001793c19ad30_0, 0;
    %jmp T_1.1;
T_1.0 ;
    %load/vec4 v000001793c19ad30_0;
    %cmpi/e 0, 0, 3;
    %jmp/0xz  T_1.2, 4;
    %pushi/vec4 0, 0, 2;
    %assign/vec4 v000001793c19a8d0_0, 0;
    %pushi/vec4 0, 0, 8;
    %assign/vec4 v000001793c144d00_0, 0;
T_1.2 ;
    %load/vec4 v000001793c19ad30_0;
    %cmpi/ne 0, 0, 3;
    %jmp/0xz  T_1.4, 4;
    %load/vec4 v000001793c144d00_0;
    %addi 1, 0, 8;
    %assign/vec4 v000001793c144d00_0, 0;
    %load/vec4 v000001793c144d00_0;
    %pad/u 64;
    %cmpi/e 66, 0, 64;
    %jmp/0xz  T_1.6, 4;
    %load/vec4 v000001793c19a8d0_0;
    %addi 1, 0, 2;
    %assign/vec4 v000001793c19a8d0_0, 0;
    %pushi/vec4 0, 0, 8;
    %assign/vec4 v000001793c144d00_0, 0;
T_1.6 ;
T_1.4 ;
    %load/vec4 v000001793c1996b0_0;
    %assign/vec4 v000001793c19ad30_0, 0;
T_1.1 ;
    %jmp T_1;
    .thread T_1;
    .scope S_000001793c0e2ce0;
T_2 ;
    %wait E_000001793c141510;
    %load/vec4 v000001793c19ad30_0;
    %store/vec4 v000001793c1996b0_0, 0, 3;
    %load/vec4 v000001793c19ad30_0;
    %dup/vec4;
    %pushi/vec4 0, 0, 3;
    %cmp/u;
    %jmp/1 T_2.0, 6;
    %dup/vec4;
    %pushi/vec4 1, 0, 3;
    %cmp/u;
    %jmp/1 T_2.1, 6;
    %dup/vec4;
    %pushi/vec4 2, 0, 3;
    %cmp/u;
    %jmp/1 T_2.2, 6;
    %dup/vec4;
    %pushi/vec4 3, 0, 3;
    %cmp/u;
    %jmp/1 T_2.3, 6;
    %dup/vec4;
    %pushi/vec4 4, 0, 3;
    %cmp/u;
    %jmp/1 T_2.4, 6;
    %dup/vec4;
    %pushi/vec4 5, 0, 3;
    %cmp/u;
    %jmp/1 T_2.5, 6;
    %dup/vec4;
    %pushi/vec4 6, 0, 3;
    %cmp/u;
    %jmp/1 T_2.6, 6;
    %pushi/vec4 0, 0, 3;
    %store/vec4 v000001793c1996b0_0, 0, 3;
    %jmp T_2.8;
T_2.0 ;
    %load/vec4 v000001793c19ac90_0;
    %flag_set/vec4 8;
    %jmp/0xz  T_2.9, 8;
    %pushi/vec4 1, 0, 3;
    %store/vec4 v000001793c1996b0_0, 0, 3;
T_2.9 ;
    %jmp T_2.8;
T_2.1 ;
    %load/vec4 v000001793c19a8d0_0;
    %cmpi/e 3, 0, 2;
    %jmp/0xz  T_2.11, 4;
    %pushi/vec4 2, 0, 3;
    %store/vec4 v000001793c1996b0_0, 0, 3;
T_2.11 ;
    %jmp T_2.8;
T_2.2 ;
    %load/vec4 v000001793c19a8d0_0;
    %cmpi/e 3, 0, 2;
    %flag_get/vec4 4;
    %jmp/0 T_2.15, 4;
    %load/vec4 v000001793c144800_0;
    %pad/u 32;
    %pushi/vec4 0, 0, 32;
    %cmp/e;
    %flag_get/vec4 4;
    %and;
T_2.15;
    %flag_set/vec4 8;
    %jmp/0xz  T_2.13, 8;
    %pushi/vec4 3, 0, 3;
    %store/vec4 v000001793c1996b0_0, 0, 3;
T_2.13 ;
    %jmp T_2.8;
T_2.3 ;
    %load/vec4 v000001793c19a8d0_0;
    %cmpi/e 3, 0, 2;
    %jmp/0xz  T_2.16, 4;
    %load/vec4 v000001793c1992f0_0;
    %pad/u 32;
    %cmpi/e 0, 0, 32;
    %jmp/0xz  T_2.18, 4;
    %pushi/vec4 4, 0, 3;
    %store/vec4 v000001793c1996b0_0, 0, 3;
    %jmp T_2.19;
T_2.18 ;
    %pushi/vec4 6, 0, 3;
    %store/vec4 v000001793c1996b0_0, 0, 3;
T_2.19 ;
T_2.16 ;
    %jmp T_2.8;
T_2.4 ;
    %load/vec4 v000001793c19a8d0_0;
    %cmpi/e 3, 0, 2;
    %flag_get/vec4 4;
    %jmp/0 T_2.22, 4;
    %load/vec4 v000001793c144800_0;
    %pad/u 32;
    %pushi/vec4 0, 0, 32;
    %cmp/e;
    %flag_get/vec4 4;
    %and;
T_2.22;
    %flag_set/vec4 8;
    %jmp/0xz  T_2.20, 8;
    %pushi/vec4 5, 0, 3;
    %store/vec4 v000001793c1996b0_0, 0, 3;
T_2.20 ;
    %jmp T_2.8;
T_2.5 ;
    %load/vec4 v000001793c19a8d0_0;
    %cmpi/e 3, 0, 2;
    %jmp/0xz  T_2.23, 4;
    %load/vec4 v000001793c1992f0_0;
    %pad/u 32;
    %cmpi/e 0, 0, 32;
    %jmp/0xz  T_2.25, 4;
    %pushi/vec4 6, 0, 3;
    %store/vec4 v000001793c1996b0_0, 0, 3;
    %jmp T_2.26;
T_2.25 ;
    %pushi/vec4 6, 0, 3;
    %store/vec4 v000001793c1996b0_0, 0, 3;
T_2.26 ;
T_2.23 ;
    %jmp T_2.8;
T_2.6 ;
    %load/vec4 v000001793c19a8d0_0;
    %cmpi/e 2, 0, 2;
    %jmp/0xz  T_2.27, 4;
    %pushi/vec4 0, 0, 3;
    %store/vec4 v000001793c1996b0_0, 0, 3;
T_2.27 ;
    %jmp T_2.8;
T_2.8 ;
    %pop/vec4 1;
    %jmp T_2;
    .thread T_2, $push;
    .scope S_000001793c0e2ce0;
T_3 ;
    %wait E_000001793c141150;
    %load/vec4 v000001793c19ad30_0;
    %cmpi/e 0, 0, 3;
    %jmp/0xz  T_3.0, 4;
    %pushi/vec4 1, 0, 1;
    %assign/vec4 v000001793c144ee0_0, 0;
    %pushi/vec4 0, 0, 1;
    %assign/vec4 v000001793c199610_0, 0;
    %pushi/vec4 0, 0, 1;
    %assign/vec4 v000001793c199e30_0, 0;
    %pushi/vec4 7, 0, 3;
    %assign/vec4 v000001793c144800_0, 0;
    %pushi/vec4 0, 0, 1;
    %assign/vec4 v000001793c19a470_0, 0;
    %pushi/vec4 0, 0, 1;
    %assign/vec4 v000001793c1992f0_0, 0;
    %load/vec4 v000001793c19ac90_0;
    %flag_set/vec4 8;
    %jmp/0xz  T_3.2, 8;
    %load/vec4 v000001793c144620_0;
    %concati/vec4 0, 0, 1;
    %assign/vec4 v000001793c144760_0, 0;
    %load/vec4 v000001793c143fe0_0;
    %assign/vec4 v000001793c144080_0, 0;
T_3.2 ;
    %jmp T_3.1;
T_3.0 ;
    %load/vec4 v000001793c144d00_0;
    %pad/u 64;
    %cmpi/e 66, 0, 64;
    %jmp/0xz  T_3.4, 4;
    %load/vec4 v000001793c19ad30_0;
    %dup/vec4;
    %pushi/vec4 1, 0, 3;
    %cmp/u;
    %jmp/1 T_3.6, 6;
    %dup/vec4;
    %pushi/vec4 2, 0, 3;
    %cmp/u;
    %jmp/1 T_3.7, 6;
    %dup/vec4;
    %pushi/vec4 3, 0, 3;
    %cmp/u;
    %jmp/1 T_3.8, 6;
    %dup/vec4;
    %pushi/vec4 4, 0, 3;
    %cmp/u;
    %jmp/1 T_3.9, 6;
    %dup/vec4;
    %pushi/vec4 5, 0, 3;
    %cmp/u;
    %jmp/1 T_3.10, 6;
    %dup/vec4;
    %pushi/vec4 6, 0, 3;
    %cmp/u;
    %jmp/1 T_3.11, 6;
    %jmp T_3.12;
T_3.6 ;
    %load/vec4 v000001793c19a8d0_0;
    %cmpi/u 3, 0, 2;
    %flag_inv 5; GE is !LT
    %flag_mov 8, 5;
    %jmp/0 T_3.13, 8;
    %pushi/vec4 0, 0, 2;
    %jmp/1 T_3.14, 8;
T_3.13 ; End of true expr.
    %pushi/vec4 1, 0, 2;
    %jmp/0 T_3.14, 8;
 ; End of false expr.
    %blend;
T_3.14;
    %pad/s 1;
    %assign/vec4 v000001793c144ee0_0, 0;
    %pushi/vec4 1, 0, 1;
    %assign/vec4 v000001793c199610_0, 0;
    %load/vec4 v000001793c19a8d0_0;
    %cmpi/u 1, 0, 2;
    %flag_inv 5; GE is !LT
    %flag_mov 8, 5;
    %jmp/0 T_3.15, 8;
    %pushi/vec4 0, 0, 2;
    %jmp/1 T_3.16, 8;
T_3.15 ; End of true expr.
    %pushi/vec4 1, 0, 2;
    %jmp/0 T_3.16, 8;
 ; End of false expr.
    %blend;
T_3.16;
    %pad/s 1;
    %assign/vec4 v000001793c199e30_0, 0;
    %pushi/vec4 1, 0, 1;
    %assign/vec4 v000001793c19a470_0, 0;
    %jmp T_3.12;
T_3.7 ;
    %pushi/vec4 2, 0, 32;
    %load/vec4 v000001793c19a8d0_0;
    %pad/u 32;
    %cmp/u;
    %flag_get/vec4 4;
    %flag_get/vec4 5;
    %or;
    %assign/vec4 v000001793c144ee0_0, 0;
    %pushi/vec4 1, 0, 1;
    %assign/vec4 v000001793c199610_0, 0;
    %load/vec4 v000001793c19a8d0_0;
    %cmpi/e 0, 0, 2;
    %jmp/0xz  T_3.17, 4;
    %load/vec4 v000001793c144760_0;
    %load/vec4 v000001793c144800_0;
    %part/u 1;
    %assign/vec4 v000001793c199e30_0, 0;
T_3.17 ;
    %load/vec4 v000001793c19a8d0_0;
    %cmpi/e 3, 0, 2;
    %jmp/0xz  T_3.19, 4;
    %load/vec4 v000001793c144800_0;
    %pad/u 32;
    %cmpi/ne 0, 0, 32;
    %jmp/0xz  T_3.21, 4;
    %load/vec4 v000001793c144800_0;
    %subi 1, 0, 3;
    %assign/vec4 v000001793c144800_0, 0;
    %jmp T_3.22;
T_3.21 ;
    %pushi/vec4 7, 0, 3;
    %assign/vec4 v000001793c144800_0, 0;
T_3.22 ;
T_3.19 ;
    %jmp T_3.12;
T_3.8 ;
    %pushi/vec4 2, 0, 32;
    %load/vec4 v000001793c19a8d0_0;
    %pad/u 32;
    %cmp/u;
    %flag_get/vec4 4;
    %flag_get/vec4 5;
    %or;
    %assign/vec4 v000001793c144ee0_0, 0;
    %pushi/vec4 0, 0, 1;
    %assign/vec4 v000001793c199610_0, 0;
    %pushi/vec4 1, 0, 1;
    %assign/vec4 v000001793c199e30_0, 0;
    %load/vec4 v000001793c19a8d0_0;
    %cmpi/e 2, 0, 2;
    %jmp/0xz  T_3.23, 4;
    %load/vec4 v000001793c19a830_0;
    %flag_set/vec4 8;
    %jmp/0 T_3.25, 8;
    %pushi/vec4 1, 0, 2;
    %jmp/1 T_3.26, 8;
T_3.25 ; End of true expr.
    %pushi/vec4 0, 0, 2;
    %jmp/0 T_3.26, 8;
 ; End of false expr.
    %blend;
T_3.26;
    %pad/s 1;
    %assign/vec4 v000001793c1992f0_0, 0;
T_3.23 ;
    %jmp T_3.12;
T_3.9 ;
    %pushi/vec4 2, 0, 32;
    %load/vec4 v000001793c19a8d0_0;
    %pad/u 32;
    %cmp/u;
    %flag_get/vec4 4;
    %flag_get/vec4 5;
    %or;
    %assign/vec4 v000001793c144ee0_0, 0;
    %pushi/vec4 1, 0, 1;
    %assign/vec4 v000001793c199610_0, 0;
    %load/vec4 v000001793c19a8d0_0;
    %cmpi/e 0, 0, 2;
    %jmp/0xz  T_3.27, 4;
    %load/vec4 v000001793c144080_0;
    %load/vec4 v000001793c144800_0;
    %part/u 1;
    %assign/vec4 v000001793c199e30_0, 0;
T_3.27 ;
    %load/vec4 v000001793c19a8d0_0;
    %cmpi/e 3, 0, 2;
    %jmp/0xz  T_3.29, 4;
    %load/vec4 v000001793c144800_0;
    %pad/u 32;
    %cmpi/ne 0, 0, 32;
    %jmp/0xz  T_3.31, 4;
    %load/vec4 v000001793c144800_0;
    %subi 1, 0, 3;
    %assign/vec4 v000001793c144800_0, 0;
    %jmp T_3.32;
T_3.31 ;
    %pushi/vec4 7, 0, 3;
    %assign/vec4 v000001793c144800_0, 0;
T_3.32 ;
T_3.29 ;
    %jmp T_3.12;
T_3.10 ;
    %pushi/vec4 2, 0, 32;
    %load/vec4 v000001793c19a8d0_0;
    %pad/u 32;
    %cmp/u;
    %flag_get/vec4 4;
    %flag_get/vec4 5;
    %or;
    %assign/vec4 v000001793c144ee0_0, 0;
    %pushi/vec4 0, 0, 1;
    %assign/vec4 v000001793c199610_0, 0;
    %pushi/vec4 1, 0, 1;
    %assign/vec4 v000001793c199e30_0, 0;
    %load/vec4 v000001793c19a8d0_0;
    %cmpi/e 2, 0, 2;
    %jmp/0xz  T_3.33, 4;
    %load/vec4 v000001793c19a830_0;
    %flag_set/vec4 8;
    %jmp/0 T_3.35, 8;
    %pushi/vec4 1, 0, 2;
    %jmp/1 T_3.36, 8;
T_3.35 ; End of true expr.
    %pushi/vec4 0, 0, 2;
    %jmp/0 T_3.36, 8;
 ; End of false expr.
    %blend;
T_3.36;
    %pad/s 1;
    %assign/vec4 v000001793c1992f0_0, 0;
T_3.33 ;
    %jmp T_3.12;
T_3.11 ;
    %load/vec4 v000001793c19a8d0_0;
    %cmpi/u 1, 0, 2;
    %flag_inv 5; GE is !LT
    %flag_mov 8, 5;
    %jmp/0 T_3.37, 8;
    %pushi/vec4 1, 0, 2;
    %jmp/1 T_3.38, 8;
T_3.37 ; End of true expr.
    %pushi/vec4 0, 0, 2;
    %jmp/0 T_3.38, 8;
 ; End of false expr.
    %blend;
T_3.38;
    %pad/s 1;
    %assign/vec4 v000001793c144ee0_0, 0;
    %pushi/vec4 0, 0, 1;
    %assign/vec4 v000001793c199610_0, 0;
    %load/vec4 v000001793c19a8d0_0;
    %cmpi/e 3, 0, 2;
    %jmp/0xz  T_3.39, 4;
    %pushi/vec4 0, 0, 1;
    %assign/vec4 v000001793c19a470_0, 0;
T_3.39 ;
    %load/vec4 v000001793c19a8d0_0;
    %cmpi/u 2, 0, 2;
    %flag_inv 5; GE is !LT
    %flag_mov 8, 5;
    %jmp/0 T_3.41, 8;
    %pushi/vec4 1, 0, 2;
    %jmp/1 T_3.42, 8;
T_3.41 ; End of true expr.
    %pushi/vec4 0, 0, 2;
    %jmp/0 T_3.42, 8;
 ; End of false expr.
    %blend;
T_3.42;
    %pad/s 1;
    %assign/vec4 v000001793c199e30_0, 0;
    %jmp T_3.12;
T_3.12 ;
    %pop/vec4 1;
T_3.4 ;
T_3.1 ;
    %jmp T_3;
    .thread T_3;
    .scope S_000001793c0cb9e0;
T_4 ;
    %pushi/vec4 0, 0, 1;
    %store/vec4 v000001793c19a010_0, 0, 1;
    %end;
    .thread T_4;
    .scope S_000001793c0cb9e0;
T_5 ;
    %pushi/vec4 0, 0, 1;
    %store/vec4 v000001793c19a010_0, 0, 1;
T_5.0 ;
    %wait E_000001793c1417d0;
    %load/vec4 v000001793c199930_0;
    %pad/u 32;
    %cmpi/e 1, 0, 32;
    %jmp/0xz  T_5.1, 4;
    %pushi/vec4 8, 0, 32;
T_5.3 %dup/vec4;
    %pushi/vec4 0, 0, 32;
    %cmp/s;
    %jmp/1xz T_5.4, 5;
    %jmp/1 T_5.4, 4;
    %pushi/vec4 1, 0, 32;
    %sub;
    %wait E_000001793c1410d0;
    %jmp T_5.3;
T_5.4 ;
    %pop/vec4 1;
    %wait E_000001793c141a90;
    %pushi/vec4 1, 0, 1;
    %store/vec4 v000001793c19a010_0, 0, 1;
    %wait E_000001793c141a90;
    %pushi/vec4 0, 0, 1;
    %store/vec4 v000001793c19a010_0, 0, 1;
    %pushi/vec4 8, 0, 32;
T_5.5 %dup/vec4;
    %pushi/vec4 0, 0, 32;
    %cmp/s;
    %jmp/1xz T_5.6, 5;
    %jmp/1 T_5.6, 4;
    %pushi/vec4 1, 0, 32;
    %sub;
    %wait E_000001793c1410d0;
    %jmp T_5.5;
T_5.6 ;
    %pop/vec4 1;
    %wait E_000001793c141a90;
    %pushi/vec4 1, 0, 1;
    %store/vec4 v000001793c19a010_0, 0, 1;
    %wait E_000001793c141a90;
    %pushi/vec4 0, 0, 1;
    %store/vec4 v000001793c19a010_0, 0, 1;
T_5.1 ;
    %jmp T_5.0;
    %end;
    .thread T_5;
    .scope S_000001793c0cb9e0;
T_6 ;
    %pushi/vec4 0, 0, 1;
    %store/vec4 v000001793c198f30_0, 0, 1;
    %end;
    .thread T_6;
    .scope S_000001793c0cb9e0;
T_7 ;
    %delay 18500, 0;
    %load/vec4 v000001793c198f30_0;
    %inv;
    %store/vec4 v000001793c198f30_0, 0, 1;
    %jmp T_7;
    .thread T_7;
    .scope S_000001793c0cb9e0;
T_8 ;
    %vpi_call 2 88 "$dumpfile", "dump.vcd" {0 0 0};
    %vpi_call 2 89 "$dumpvars", 32'sb00000000000000000000000000000000, S_000001793c0cb9e0 {0 0 0};
    %pushi/vec4 1, 0, 1;
    %store/vec4 v000001793c199c50_0, 0, 1;
    %pushi/vec4 0, 0, 1;
    %store/vec4 v000001793c19aab0_0, 0, 1;
    %delay 10000000, 0;
    %pushi/vec4 0, 0, 1;
    %store/vec4 v000001793c199c50_0, 0, 1;
    %delay 10000000, 0;
    %vpi_call 2 96 "$display", "[%0t] Bat dau stress test", $time {0 0 0};
    %pushi/vec4 0, 0, 32;
    %store/vec4 v000001793c19a510_0, 0, 32;
T_8.0 ;
    %load/vec4 v000001793c19a510_0;
    %cmpi/s 10, 0, 32;
    %jmp/0xz T_8.1, 5;
    %vpi_func 2 98 "$urandom" 32 {0 0 0};
    %pushi/vec4 256, 0, 32;
    %mod;
    %pad/u 8;
    %store/vec4 v000001793c199b10_0, 0, 8;
    %load/vec4 v000001793c199b10_0;
    %store/vec4 v000001793c1449e0_0, 0, 8;
    %pushi/vec4 104, 0, 7;
    %store/vec4 v000001793c1444e0_0, 0, 7;
    %fork TD_Test_Bench.Send_byte, S_000001793c112fc0;
    %join;
    %delay 50000000, 0;
    %load/vec4 v000001793c19a510_0;
    %addi 1, 0, 32;
    %store/vec4 v000001793c19a510_0, 0, 32;
    %jmp T_8.0;
T_8.1 ;
    %vpi_call 2 104 "$display", "[%0t] Mo phong ket thuc", $time {0 0 0};
    %vpi_call 2 105 "$finish" {0 0 0};
    %end;
    .thread T_8;
# The file index is used to find the file name in the following table.
:file_names 4;
    "N/A";
    "<interactive>";
    "Test_Bench.v";
    "labf18_I2C_Part1.v";
