#! /c/Source/iverilog-install/bin/vvp
:ivl_version "12.0 (devel)" "(s20150603-1539-g2693dd32b)";
:ivl_delay_selection "TYPICAL";
:vpi_time_precision - 12;
:vpi_module "C:\iverilog\lib\ivl\system.vpi";
:vpi_module "C:\iverilog\lib\ivl\vhdl_sys.vpi";
:vpi_module "C:\iverilog\lib\ivl\vhdl_textio.vpi";
:vpi_module "C:\iverilog\lib\ivl\v2005_math.vpi";
:vpi_module "C:\iverilog\lib\ivl\va_math.vpi";
:vpi_module "C:\iverilog\lib\ivl\v2009.vpi";
S_0000027bd57abd20 .scope package, "$unit" "$unit" 2 1;
 .timescale 0 0;
S_0000027bd57abeb0 .scope module, "tb_overflow_saturation" "tb_overflow_saturation" 3 2;
 .timescale -9 -12;
P_0000027bd58ebbe0 .param/l "N_Overflow" 0 3 11, C4<10>;
P_0000027bd58ebc18 .param/l "Non_Overflow" 0 3 10, C4<00>;
P_0000027bd58ebc50 .param/l "P_Overflow" 0 3 12, C4<01>;
v0000027bd57b3d10_0 .var/s "a", 3 0;
v0000027bd57b4210_0 .var/s "b", 3 0;
v0000027bd57b3ef0_0 .var "clk", 0 0;
v0000027bd57b3db0_0 .var "expected_flag", 1 0;
v0000027bd57b4710_0 .var/i "expected_out", 31 0;
v0000027bd57b4170_0 .net/s "final_out_saturated", 3 0, v0000027bd5782ae0_0;  1 drivers
v0000027bd57b3950_0 .var/i "i", 31 0;
v0000027bd57b4350_0 .var/i "j", 31 0;
v0000027bd57b3810_0 .net "ovr_flag", 1 0, v0000027bd580f450_0;  1 drivers
v0000027bd57b3f90_0 .var "rst", 0 0;
E_0000027bd57aac10 .event posedge, v0000027bd5782a40_0;
S_0000027bd58ebc90 .scope module, "dut" "signed_adder" 3 14, 4 1 0, S_0000027bd57abeb0;
 .timescale 0 0;
    .port_info 0 /INPUT 1 "clk";
    .port_info 1 /INPUT 1 "rst";
    .port_info 2 /INPUT 4 "a";
    .port_info 3 /INPUT 4 "b";
    .port_info 4 /OUTPUT 4 "final_out_saturated";
    .port_info 5 /OUTPUT 2 "ovr_flag";
P_0000027bd58ebe20 .param/l "N_Overflow" 0 4 7, C4<10>;
P_0000027bd58ebe58 .param/l "Non_Overflow" 0 4 7, C4<00>;
P_0000027bd58ebe90 .param/l "P_Overflow" 0 4 7, C4<01>;
L_0000027bd57bc810 .functor XOR 1, L_0000027bd57b45d0, L_0000027bd57b4530, C4<0>, C4<0>;
v0000027bd5782d80_0 .net/s *"_ivl_0", 4 0, L_0000027bd57b3e50;  1 drivers
v0000027bd5782720_0 .net/s *"_ivl_2", 4 0, L_0000027bd57b43f0;  1 drivers
v0000027bd57827c0_0 .net *"_ivl_7", 0 0, L_0000027bd57b45d0;  1 drivers
v0000027bd5782860_0 .net *"_ivl_9", 0 0, L_0000027bd57b4530;  1 drivers
v0000027bd5782900_0 .net/s "a", 3 0, v0000027bd57b3d10_0;  1 drivers
v0000027bd57829a0_0 .net/s "b", 3 0, v0000027bd57b4210_0;  1 drivers
v0000027bd5782a40_0 .net "clk", 0 0, v0000027bd57b3ef0_0;  1 drivers
v0000027bd5782ae0_0 .var/s "final_out_saturated", 3 0;
v0000027bd580f450_0 .var "ovr_flag", 1 0;
v0000027bd580f4f0_0 .net "rst", 0 0, v0000027bd57b3f90_0;  1 drivers
v0000027bd580f590_0 .net/s "w_full_sum", 4 0, L_0000027bd57b3bd0;  1 drivers
v0000027bd57b4670_0 .net "w_is_overflow", 0 0, L_0000027bd57bc810;  1 drivers
E_0000027bd57aab90 .event posedge, v0000027bd580f4f0_0, v0000027bd5782a40_0;
L_0000027bd57b3e50 .extend/s 5, v0000027bd57b3d10_0;
L_0000027bd57b43f0 .extend/s 5, v0000027bd57b4210_0;
L_0000027bd57b3bd0 .arith/sum 5, L_0000027bd57b3e50, L_0000027bd57b43f0;
L_0000027bd57b45d0 .part L_0000027bd57b3bd0, 4, 1;
L_0000027bd57b4530 .part L_0000027bd57b3bd0, 3, 1;
    .scope S_0000027bd58ebc90;
T_0 ;
    %wait E_0000027bd57aab90;
    %load/vec4 v0000027bd580f4f0_0;
    %flag_set/vec4 8;
    %jmp/0xz  T_0.0, 8;
    %pushi/vec4 0, 0, 4;
    %assign/vec4 v0000027bd5782ae0_0, 0;
    %pushi/vec4 0, 0, 2;
    %assign/vec4 v0000027bd580f450_0, 0;
    %jmp T_0.1;
T_0.0 ;
    %load/vec4 v0000027bd57b4670_0;
    %nor/r;
    %flag_set/vec4 8;
    %jmp/0xz  T_0.2, 8;
    %load/vec4 v0000027bd580f590_0;
    %parti/s 4, 0, 2;
    %assign/vec4 v0000027bd5782ae0_0, 0;
    %pushi/vec4 0, 0, 2;
    %assign/vec4 v0000027bd580f450_0, 0;
    %jmp T_0.3;
T_0.2 ;
    %load/vec4 v0000027bd580f590_0;
    %parti/s 1, 4, 4;
    %flag_set/vec4 8;
    %jmp/0 T_0.4, 8;
    %pushi/vec4 8, 0, 4;
    %jmp/1 T_0.5, 8;
T_0.4 ; End of true expr.
    %pushi/vec4 7, 0, 4;
    %jmp/0 T_0.5, 8;
 ; End of false expr.
    %blend;
T_0.5;
    %assign/vec4 v0000027bd5782ae0_0, 0;
    %load/vec4 v0000027bd580f590_0;
    %parti/s 1, 4, 4;
    %flag_set/vec4 8;
    %jmp/0 T_0.6, 8;
    %pushi/vec4 2, 0, 2;
    %jmp/1 T_0.7, 8;
T_0.6 ; End of true expr.
    %pushi/vec4 1, 0, 2;
    %jmp/0 T_0.7, 8;
 ; End of false expr.
    %blend;
T_0.7;
    %assign/vec4 v0000027bd580f450_0, 0;
T_0.3 ;
T_0.1 ;
    %jmp T_0;
    .thread T_0;
    .scope S_0000027bd57abeb0;
T_1 ;
    %pushi/vec4 0, 0, 1;
    %store/vec4 v0000027bd57b3ef0_0, 0, 1;
    %end;
    .thread T_1;
    .scope S_0000027bd57abeb0;
T_2 ;
    %delay 5000, 0;
    %load/vec4 v0000027bd57b3ef0_0;
    %inv;
    %store/vec4 v0000027bd57b3ef0_0, 0, 1;
    %jmp T_2;
    .thread T_2;
    .scope S_0000027bd57abeb0;
T_3 ;
    %vpi_call/w 3 29 "$dumpfile", "dump.vcd" {0 0 0};
    %vpi_call/w 3 30 "$dumpvars", 32'sb00000000000000000000000000000000, S_0000027bd57abeb0 {0 0 0};
    %pushi/vec4 1, 0, 1;
    %store/vec4 v0000027bd57b3f90_0, 0, 1;
    %pushi/vec4 0, 0, 4;
    %store/vec4 v0000027bd57b3d10_0, 0, 4;
    %pushi/vec4 0, 0, 4;
    %store/vec4 v0000027bd57b4210_0, 0, 4;
    %delay 20000, 0;
    %pushi/vec4 0, 0, 1;
    %store/vec4 v0000027bd57b3f90_0, 0, 1;
    %vpi_call/w 3 34 "$display", "-- Bat dau test Overflow-Saturation--" {0 0 0};
    %pushi/vec4 4294967288, 0, 32;
    %store/vec4 v0000027bd57b3950_0, 0, 32;
T_3.0 ;
    %load/vec4 v0000027bd57b3950_0;
    %cmpi/s 7, 0, 32;
    %flag_or 5, 4;
    %jmp/0xz T_3.1, 5;
    %pushi/vec4 4294967288, 0, 32;
    %store/vec4 v0000027bd57b4350_0, 0, 32;
T_3.2 ;
    %load/vec4 v0000027bd57b4350_0;
    %cmpi/s 7, 0, 32;
    %flag_or 5, 4;
    %jmp/0xz T_3.3, 5;
    %wait E_0000027bd57aac10;
    %load/vec4 v0000027bd57b3950_0;
    %pad/s 4;
    %store/vec4 v0000027bd57b3d10_0, 0, 4;
    %load/vec4 v0000027bd57b4350_0;
    %pad/s 4;
    %store/vec4 v0000027bd57b4210_0, 0, 4;
    %load/vec4 v0000027bd57b3950_0;
    %load/vec4 v0000027bd57b4350_0;
    %add;
    %cmpi/s 7, 0, 32;
    %flag_or 5, 4; GT is !LE
    %flag_inv 5;
    %jmp/0xz  T_3.4, 5;
    %pushi/vec4 7, 0, 32;
    %store/vec4 v0000027bd57b4710_0, 0, 32;
    %pushi/vec4 1, 0, 2;
    %store/vec4 v0000027bd57b3db0_0, 0, 2;
    %jmp T_3.5;
T_3.4 ;
    %load/vec4 v0000027bd57b3950_0;
    %load/vec4 v0000027bd57b4350_0;
    %add;
    %cmpi/s 4294967288, 0, 32;
    %jmp/0xz  T_3.6, 5;
    %pushi/vec4 4294967288, 0, 32;
    %store/vec4 v0000027bd57b4710_0, 0, 32;
    %pushi/vec4 2, 0, 2;
    %store/vec4 v0000027bd57b3db0_0, 0, 2;
    %jmp T_3.7;
T_3.6 ;
    %load/vec4 v0000027bd57b3950_0;
    %load/vec4 v0000027bd57b4350_0;
    %add;
    %store/vec4 v0000027bd57b4710_0, 0, 32;
    %pushi/vec4 0, 0, 2;
    %store/vec4 v0000027bd57b3db0_0, 0, 2;
T_3.7 ;
T_3.5 ;
    %wait E_0000027bd57aac10;
    %delay 1000, 0;
    %load/vec4 v0000027bd57b4170_0;
    %pad/s 32;
    %load/vec4 v0000027bd57b4710_0;
    %cmp/ne;
    %jmp/1 T_3.10, 6;
    %flag_mov 8, 6;
    %load/vec4 v0000027bd57b3810_0;
    %load/vec4 v0000027bd57b3db0_0;
    %cmp/ne;
    %flag_or 6, 8;
T_3.10;
    %jmp/0xz  T_3.8, 6;
    %vpi_call/w 3 55 "$display", "LOI! a=%d, b=%d | Chip=%d, C\341\273\235=%b | Dung=%d, C\341\273\235=%b", v0000027bd57b3d10_0, v0000027bd57b4210_0, v0000027bd57b4170_0, v0000027bd57b3810_0, v0000027bd57b4710_0, v0000027bd57b3db0_0 {0 0 0};
T_3.8 ;
    %load/vec4 v0000027bd57b4350_0;
    %addi 1, 0, 32;
    %store/vec4 v0000027bd57b4350_0, 0, 32;
    %jmp T_3.2;
T_3.3 ;
    %load/vec4 v0000027bd57b3950_0;
    %addi 1, 0, 32;
    %store/vec4 v0000027bd57b3950_0, 0, 32;
    %jmp T_3.0;
T_3.1 ;
    %vpi_call/w 3 59 "$display", "--- HOAN THANH TEST F5 ---" {0 0 0};
    %vpi_call/w 3 60 "$finish" {0 0 0};
    %end;
    .thread T_3;
# The file index is used to find the file name in the following table.
:file_names 5;
    "N/A";
    "<interactive>";
    "-";
    "tb_overflow_saturation.v";
    "labf5_overflow-saturation.v";
