#! /c/Source/iverilog-install/bin/vvp
:ivl_version "12.0 (devel)" "(s20150603-1539-g2693dd32b)";
:ivl_delay_selection "TYPICAL";
:vpi_time_precision - 12;
:vpi_module "C:\iverilog\lib\ivl\system.vpi";
:vpi_module "C:\iverilog\lib\ivl\vhdl_sys.vpi";
:vpi_module "C:\iverilog\lib\ivl\vhdl_textio.vpi";
:vpi_module "C:\iverilog\lib\ivl\v2005_math.vpi";
:vpi_module "C:\iverilog\lib\ivl\va_math.vpi";
:vpi_module "C:\iverilog\lib\ivl\v2009.vpi";
S_0000019e236a27f0 .scope package, "$unit" "$unit" 2 1;
 .timescale 0 0;
S_0000019e236a2980 .scope module, "tb_signed_adder" "tb_signed_adder" 3 2;
 .timescale -9 -12;
v0000019e236c5bc0_0 .var/s "a", 3 0;
v0000019e236c5c60_0 .var/s "b", 3 0;
v0000019e236c5d00_0 .var "clk", 0 0;
v0000019e236c5da0_0 .var/i "i", 31 0;
v0000019e236c5e40_0 .var/i "j", 31 0;
v0000019e236d2b10_0 .var "rst", 0 0;
v0000019e236d2bb0_0 .net/s "sum", 4 0, v0000019e236c5b20_0;  1 drivers
E_0000019e236c87b0 .event posedge, v0000019e237ac140_0;
S_0000019e236a2b10 .scope module, "dut" "signed_adder" 3 8, 4 1 0, S_0000019e236a2980;
 .timescale 0 0;
    .port_info 0 /INPUT 1 "clk";
    .port_info 1 /INPUT 1 "rst";
    .port_info 2 /INPUT 4 "a";
    .port_info 3 /INPUT 4 "b";
    .port_info 4 /OUTPUT 5 "sum";
v0000019e236a2e70_0 .net/s "a", 3 0, v0000019e236c5bc0_0;  1 drivers
v0000019e236a3090_0 .net/s "b", 3 0, v0000019e236c5c60_0;  1 drivers
v0000019e237ac140_0 .net "clk", 0 0, v0000019e236c5d00_0;  1 drivers
v0000019e237ac1e0_0 .net "rst", 0 0, v0000019e236d2b10_0;  1 drivers
v0000019e236c5b20_0 .var/s "sum", 4 0;
E_0000019e236c7e30 .event posedge, v0000019e237ac1e0_0, v0000019e237ac140_0;
    .scope S_0000019e236a2b10;
T_0 ;
    %wait E_0000019e236c7e30;
    %load/vec4 v0000019e237ac1e0_0;
    %flag_set/vec4 8;
    %jmp/0xz  T_0.0, 8;
    %pushi/vec4 0, 0, 5;
    %assign/vec4 v0000019e236c5b20_0, 0;
    %jmp T_0.1;
T_0.0 ;
    %load/vec4 v0000019e236a2e70_0;
    %pad/s 5;
    %load/vec4 v0000019e236a3090_0;
    %pad/s 5;
    %add;
    %assign/vec4 v0000019e236c5b20_0, 0;
T_0.1 ;
    %jmp T_0;
    .thread T_0;
    .scope S_0000019e236a2980;
T_1 ;
    %pushi/vec4 0, 0, 1;
    %store/vec4 v0000019e236c5d00_0, 0, 1;
    %end;
    .thread T_1;
    .scope S_0000019e236a2980;
T_2 ;
    %delay 5000, 0;
    %load/vec4 v0000019e236c5d00_0;
    %inv;
    %store/vec4 v0000019e236c5d00_0, 0, 1;
    %jmp T_2;
    .thread T_2;
    .scope S_0000019e236a2980;
T_3 ;
    %vpi_call/w 3 23 "$dumpfile", "dump.vcd" {0 0 0};
    %vpi_call/w 3 24 "$dumpvars", 32'sb00000000000000000000000000000000, S_0000019e236a2980 {0 0 0};
    %pushi/vec4 1, 0, 1;
    %store/vec4 v0000019e236d2b10_0, 0, 1;
    %pushi/vec4 0, 0, 4;
    %store/vec4 v0000019e236c5bc0_0, 0, 4;
    %pushi/vec4 0, 0, 4;
    %store/vec4 v0000019e236c5c60_0, 0, 4;
    %delay 20000, 0;
    %pushi/vec4 0, 0, 1;
    %store/vec4 v0000019e236d2b10_0, 0, 1;
    %vpi_call/w 3 28 "$display", "--B\341\272\257t \304\221\341\272\247u stress test--" {0 0 0};
    %pushi/vec4 4294967288, 0, 32;
    %store/vec4 v0000019e236c5da0_0, 0, 32;
T_3.0 ;
    %load/vec4 v0000019e236c5da0_0;
    %cmpi/s 7, 0, 32;
    %flag_or 5, 4;
    %jmp/0xz T_3.1, 5;
    %pushi/vec4 4294967288, 0, 32;
    %store/vec4 v0000019e236c5e40_0, 0, 32;
T_3.2 ;
    %load/vec4 v0000019e236c5e40_0;
    %cmpi/s 7, 0, 32;
    %flag_or 5, 4;
    %jmp/0xz T_3.3, 5;
    %wait E_0000019e236c87b0;
    %load/vec4 v0000019e236c5da0_0;
    %pad/s 4;
    %store/vec4 v0000019e236c5bc0_0, 0, 4;
    %load/vec4 v0000019e236c5e40_0;
    %pad/s 4;
    %store/vec4 v0000019e236c5c60_0, 0, 4;
    %wait E_0000019e236c87b0;
    %delay 1000, 0;
    %load/vec4 v0000019e236d2bb0_0;
    %load/vec4 v0000019e236c5bc0_0;
    %pad/s 5;
    %load/vec4 v0000019e236c5c60_0;
    %pad/s 5;
    %add;
    %cmp/ne;
    %jmp/0xz  T_3.4, 6;
    %load/vec4 v0000019e236c5bc0_0;
    %load/vec4 v0000019e236c5c60_0;
    %add;
    %vpi_call/w 3 37 "$display", "L\341\273\227i! Th\341\273\235i gian: %0t | a = %d, b = %d | K\341\272\277t qu\341\272\243 chip = %d | K\341\272\277t qu\341\272\243 \304\221\303\272ng = %d", $time, v0000019e236c5bc0_0, v0000019e236c5c60_0, v0000019e236d2bb0_0, S<0,vec4,s4> {1 0 0};
T_3.4 ;
    %load/vec4 v0000019e236c5e40_0;
    %addi 1, 0, 32;
    %store/vec4 v0000019e236c5e40_0, 0, 32;
    %jmp T_3.2;
T_3.3 ;
    %load/vec4 v0000019e236c5da0_0;
    %addi 1, 0, 32;
    %store/vec4 v0000019e236c5da0_0, 0, 32;
    %jmp T_3.0;
T_3.1 ;
    %vpi_call/w 3 41 "$display", "--M\303\264 ph\341\273\217ng k\341\272\277t th\303\272c--" {0 0 0};
    %vpi_call/w 3 42 "$finish" {0 0 0};
    %end;
    .thread T_3;
# The file index is used to find the file name in the following table.
:file_names 5;
    "N/A";
    "<interactive>";
    "-";
    "tb_signed_adder.v";
    "labf4_signed-adder.v";
