#! /c/Source/iverilog-install/bin/vvp
:ivl_version "12.0 (devel)" "(s20150603-1539-g2693dd32b)";
:ivl_delay_selection "TYPICAL";
:vpi_time_precision - 12;
:vpi_module "C:\iverilog\lib\ivl\system.vpi";
:vpi_module "C:\iverilog\lib\ivl\vhdl_sys.vpi";
:vpi_module "C:\iverilog\lib\ivl\vhdl_textio.vpi";
:vpi_module "C:\iverilog\lib\ivl\v2005_math.vpi";
:vpi_module "C:\iverilog\lib\ivl\va_math.vpi";
S_000001f148b97020 .scope module, "tb_imu_system" "tb_imu_system" 2 2;
 .timescale -9 -12;
L_000001f148b92e50 .functor BUFT 1, C8<551>, C4<0>, C4<0>, C4<0>;
RS_000001f148b9c608 .resolv tri, v000001f148b7cf10_0, L_000001f148b92e50;
v000001f148bf3e30_0 .net8 "SCL", 0 0, RS_000001f148b9c608;  2 drivers, strength-aware
L_000001f148b92980 .functor BUFT 1, C8<551>, C4<0>, C4<0>, C4<0>;
RS_000001f148b9c638 .resolv tri, L_000001f148b92980, L_000001f148bf3cf0, L_000001f148bf25d0;
v000001f148bf3890_0 .net8 "SDA", 0 0, RS_000001f148b9c638;  3 drivers, strength-aware
L_000001f148bf4768 .functor BUFT 1, C4<0>, C4<0>, C4<0>, C4<0>;
v000001f148bf3bb0_0 .net/2u *"_ivl_10", 0 0, L_000001f148bf4768;  1 drivers
o000001f148b9d0e8 .functor BUFZ 1, C4<z>; HiZ drive
; Elide local net with no drivers, v000001f148bf2f30_0 name=_ivl_8
v000001f148bf34d0_0 .net "ack_error", 0 0, v000001f148bf02a0_0;  1 drivers
v000001f148bf2850_0 .var/i "b", 31 0;
v000001f148bf2170_0 .var/i "i", 31 0;
v000001f148bf2cb0_0 .net "i2c_addr", 6 0, v000001f148b7bcf0_0;  1 drivers
v000001f148bf3930_0 .net "i2c_busy", 0 0, v000001f148bf0700_0;  1 drivers
v000001f148bf2df0_0 .net "i2c_data_rx", 7 0, L_000001f148b92ec0;  1 drivers
v000001f148bf2c10_0 .net "i2c_data_tx", 7 0, v000001f148b7c5b0_0;  1 drivers
v000001f148bf3250_0 .net "i2c_repeat", 0 0, v000001f148b7c970_0;  1 drivers
v000001f148bf39d0_0 .net "i2c_rw", 0 0, v000001f148b7d370_0;  1 drivers
v000001f148bf3a70_0 .net "i2c_start", 0 0, v000001f148b7c650_0;  1 drivers
v000001f148bf2a30_0 .net "i2c_stop", 0 0, v000001f148b7ca10_0;  1 drivers
v000001f148bf3570_0 .var "i_clk", 0 0;
v000001f148bf2990_0 .var "i_rst", 0 0;
v000001f148bf27b0_0 .var "i_stm_start", 0 0;
v000001f148bf3070_0 .net "o_data_valid", 0 0, v000001f148b7bc50_0;  1 drivers
v000001f148bf3610_0 .net "o_imu_data", 111 0, v000001f148b7cab0_0;  1 drivers
v000001f148bf2ad0_0 .var "rx_byte", 7 0;
v000001f148bf2b70_0 .var "sda_drive", 0 0;
v000001f148bf36b0_0 .var "slave_send_data", 7 0;
E_000001f148b93300 .event anyedge, v000001f148b7bc50_0;
E_000001f148b936c0 .event posedge, v000001f148b7cf10_0;
E_000001f148b93a00 .event negedge, v000001f148b7cf10_0;
E_000001f148b93240 .event anyedge, v000001f148b7cf10_0, v000001f148bf12e0_0;
L_000001f148bf25d0 .functor MUXZ 1, L_000001f148bf4768, o000001f148b9d0e8, v000001f148bf2b70_0, C4<>;
S_000001f148b12020 .scope module, "u_controller" "IMU_Controller" 2 33, 3 1 0, S_000001f148b97020;
 .timescale 0 0;
    .port_info 0 /INPUT 1 "i_clk";
    .port_info 1 /INPUT 1 "i_rst";
    .port_info 2 /INPUT 1 "i_start";
    .port_info 3 /OUTPUT 7 "o_i2c_addr";
    .port_info 4 /OUTPUT 8 "o_i2c_data";
    .port_info 5 /INPUT 8 "i_i2c_data";
    .port_info 6 /OUTPUT 1 "o_i2c_start";
    .port_info 7 /INPUT 1 "i_i2c_busy";
    .port_info 8 /INPUT 1 "i_ack_error";
    .port_info 9 /OUTPUT 1 "o_i2c_rw";
    .port_info 10 /OUTPUT 1 "o_i2c_repeat";
    .port_info 11 /OUTPUT 1 "o_i2c_stop";
    .port_info 12 /INPUT 1 "i_stm_start";
    .port_info 13 /INPUT 1 "i_stm_rw";
    .port_info 14 /INPUT 8 "i_stm_reg_addr";
    .port_info 15 /INPUT 8 "i_stm_data_in";
    .port_info 16 /OUTPUT 112 "o_imu_data";
    .port_info 17 /OUTPUT 1 "o_data_valid";
P_000001f148b97a50 .param/l "COUNT" 1 3 36, C4<1110>;
P_000001f148b97a88 .param/l "IDLE" 1 3 26, C4<0000>;
P_000001f148b97ac0 .param/l "IMU_ADDR" 1 3 42, C4<1101000>;
P_000001f148b97af8 .param/l "IMU_CODE" 1 3 45, C4<00000000>;
P_000001f148b97b30 .param/l "INIT_FINISH" 1 3 40, C4<10>;
P_000001f148b97b68 .param/l "INIT_STATE" 1 3 27, C4<0001>;
P_000001f148b97ba0 .param/l "INIT_WAKEUP" 1 3 38, C4<00>;
P_000001f148b97bd8 .param/l "INIT_WRITE_REG" 1 3 39, C4<01>;
P_000001f148b97c10 .param/l "READ_BYTE" 1 3 33, C4<0111>;
P_000001f148b97c48 .param/l "REG_ADDR" 1 3 43, C4<00111011>;
P_000001f148b97c80 .param/l "REPEATED_START" 1 3 32, C4<0110>;
P_000001f148b97cb8 .param/l "SEND_DATA" 1 3 30, C4<0100>;
P_000001f148b97cf0 .param/l "SEND_REG_ADDR" 1 3 28, C4<0010>;
P_000001f148b97d28 .param/l "STOP" 1 3 34, C4<1000>;
P_000001f148b97d60 .param/l "WAIT_ACK" 1 3 29, C4<0011>;
P_000001f148b97d98 .param/l "WAIT_WRITE_DONE" 1 3 31, C4<0101>;
P_000001f148b97dd0 .param/l "WAKE_UP_ADDR" 1 3 44, C4<01101011>;
L_000001f148b920c0 .functor AND 1, L_000001f148bf3750, L_000001f148bf3f70, C4<1>, C4<1>;
L_000001f148b92590 .functor AND 1, L_000001f148bf2490, L_000001f148b920c0, C4<1>, C4<1>;
v000001f148b7d870_0 .net *"_ivl_0", 31 0, L_000001f148bf3b10;  1 drivers
L_000001f148bf41c8 .functor BUFT 1, C4<0000000000000000000000000000000>, C4<0>, C4<0>, C4<0>;
v000001f148b7bd90_0 .net *"_ivl_11", 30 0, L_000001f148bf41c8;  1 drivers
L_000001f148bf4210 .functor BUFT 1, C4<00000000000000000000000000000001>, C4<0>, C4<0>, C4<0>;
v000001f148b7d730_0 .net/2u *"_ivl_12", 31 0, L_000001f148bf4210;  1 drivers
v000001f148b7ce70_0 .net *"_ivl_14", 0 0, L_000001f148bf3f70;  1 drivers
L_000001f148bf4258 .functor BUFT 1, C4<0111>, C4<0>, C4<0>, C4<0>;
v000001f148b7c6f0_0 .net/2u *"_ivl_18", 3 0, L_000001f148bf4258;  1 drivers
v000001f148b7c0b0_0 .net *"_ivl_20", 0 0, L_000001f148bf2490;  1 drivers
v000001f148b7c330_0 .net *"_ivl_24", 31 0, L_000001f148bf3c50;  1 drivers
L_000001f148bf42a0 .functor BUFT 1, C4<0000000000000000000000000000>, C4<0>, C4<0>, C4<0>;
v000001f148b7c3d0_0 .net *"_ivl_27", 27 0, L_000001f148bf42a0;  1 drivers
L_000001f148bf42e8 .functor BUFT 1, C4<00000000000000000000000000001101>, C4<0>, C4<0>, C4<0>;
v000001f148b7d0f0_0 .net/2u *"_ivl_28", 31 0, L_000001f148bf42e8;  1 drivers
L_000001f148bf4138 .functor BUFT 1, C4<0000000000000000000000000000000>, C4<0>, C4<0>, C4<0>;
v000001f148b7c790_0 .net *"_ivl_3", 30 0, L_000001f148bf4138;  1 drivers
L_000001f148bf4180 .functor BUFT 1, C4<00000000000000000000000000000000>, C4<0>, C4<0>, C4<0>;
v000001f148b7c290_0 .net/2u *"_ivl_4", 31 0, L_000001f148bf4180;  1 drivers
v000001f148b7d7d0_0 .net *"_ivl_6", 0 0, L_000001f148bf3750;  1 drivers
v000001f148b7cbf0_0 .net *"_ivl_8", 31 0, L_000001f148bf3ed0;  1 drivers
v000001f148b7cb50_0 .var "byte_count", 3 0;
v000001f148b7bbb0_0 .net "i2c_done_pulse", 0 0, L_000001f148b920c0;  1 drivers
v000001f148b7d910_0 .var "i2c_prev_signal", 0 0;
v000001f148b7d190_0 .net "i_ack_error", 0 0, v000001f148bf02a0_0;  alias, 1 drivers
v000001f148b7d5f0_0 .net "i_clk", 0 0, v000001f148bf3570_0;  1 drivers
v000001f148b7be30_0 .net "i_i2c_busy", 0 0, v000001f148bf0700_0;  alias, 1 drivers
v000001f148b7c150_0 .net "i_i2c_data", 7 0, L_000001f148b92ec0;  alias, 1 drivers
v000001f148b7c830_0 .net "i_rst", 0 0, v000001f148bf2990_0;  1 drivers
o000001f148b9bf48 .functor BUFZ 1, C4<z>; HiZ drive
v000001f148b7c470_0 .net "i_start", 0 0, o000001f148b9bf48;  0 drivers
L_000001f148bf43c0 .functor BUFT 1, C4<00000000>, C4<0>, C4<0>, C4<0>;
v000001f148b7cd30_0 .net "i_stm_data_in", 7 0, L_000001f148bf43c0;  1 drivers
L_000001f148bf4378 .functor BUFT 1, C4<00000000>, C4<0>, C4<0>, C4<0>;
v000001f148b7cfb0_0 .net "i_stm_reg_addr", 7 0, L_000001f148bf4378;  1 drivers
L_000001f148bf4330 .functor BUFT 1, C4<1>, C4<0>, C4<0>, C4<0>;
v000001f148b7d550_0 .net "i_stm_rw", 0 0, L_000001f148bf4330;  1 drivers
v000001f148b7cc90_0 .net "i_stm_start", 0 0, v000001f148bf27b0_0;  1 drivers
v000001f148b7cdd0_0 .var "init_step", 1 0;
v000001f148b7d9b0_0 .var "next_state", 3 0;
v000001f148b7bc50_0 .var "o_data_valid", 0 0;
v000001f148b7bcf0_0 .var "o_i2c_addr", 6 0;
v000001f148b7c5b0_0 .var "o_i2c_data", 7 0;
v000001f148b7c970_0 .var "o_i2c_repeat", 0 0;
v000001f148b7d370_0 .var "o_i2c_rw", 0 0;
v000001f148b7c650_0 .var "o_i2c_start", 0 0;
v000001f148b7ca10_0 .var "o_i2c_stop", 0 0;
v000001f148b7cab0_0 .var "o_imu_data", 111 0;
v000001f148b7d230_0 .var "state", 3 0;
v000001f148b7d2d0_0 .net "xong_1_byte", 0 0, L_000001f148b92590;  1 drivers
v000001f148b7d410_0 .net "xong_byte_count", 0 0, L_000001f148bf2e90;  1 drivers
E_000001f148b93a40 .event posedge, v000001f148b7c830_0, v000001f148b7d5f0_0;
E_000001f148b93b00/0 .event anyedge, v000001f148b7d230_0, v000001f148b7cc90_0, v000001f148b7be30_0, v000001f148b7bbb0_0;
E_000001f148b93b00/1 .event anyedge, v000001f148b7d190_0, v000001f148b7cdd0_0, v000001f148b7d410_0;
E_000001f148b93b00 .event/or E_000001f148b93b00/0, E_000001f148b93b00/1;
L_000001f148bf3b10 .concat [ 1 31 0 0], v000001f148bf0700_0, L_000001f148bf4138;
L_000001f148bf3750 .cmp/eq 32, L_000001f148bf3b10, L_000001f148bf4180;
L_000001f148bf3ed0 .concat [ 1 31 0 0], v000001f148b7d910_0, L_000001f148bf41c8;
L_000001f148bf3f70 .cmp/eq 32, L_000001f148bf3ed0, L_000001f148bf4210;
L_000001f148bf2490 .cmp/eq 4, v000001f148b7d230_0, L_000001f148bf4258;
L_000001f148bf3c50 .concat [ 4 28 0 0], v000001f148b7cb50_0, L_000001f148bf42a0;
L_000001f148bf2e90 .cmp/eq 32, L_000001f148bf3c50, L_000001f148bf42e8;
S_000001f148b322b0 .scope module, "u_driver" "I2C_DRIVER" 2 53, 4 1 0, S_000001f148b97020;
 .timescale 0 0;
    .port_info 0 /INPUT 1 "i_clk";
    .port_info 1 /INPUT 1 "i_rst";
    .port_info 2 /INPUT 1 "i_start";
    .port_info 3 /OUTPUT 1 "o_busy";
    .port_info 4 /OUTPUT 1 "o_ack_error";
    .port_info 5 /INPUT 1 "i_rw_bit";
    .port_info 6 /INPUT 1 "i_cmd_repeat";
    .port_info 7 /INPUT 1 "i_cmd_stop";
    .port_info 8 /OUTPUT 1 "SCL";
    .port_info 9 /INOUT 1 "SDA";
    .port_info 10 /INPUT 8 "data";
    .port_info 11 /INPUT 7 "addr";
    .port_info 12 /OUTPUT 8 "o_rx_data";
P_000001f148b9a380 .param/l "ADDR" 1 4 36, C4<0010>;
P_000001f148b9a3b8 .param/l "ADDR_ACK" 1 4 37, C4<0011>;
P_000001f148b9a3f0 .param/l "CLK_FREQ" 0 4 1, +C4<00000001100110111111110011000000>;
P_000001f148b9a428 .param/l "COUNT" 1 4 51, +C4<0000000000000000000000000000000000000000000000000000000001000011>;
P_000001f148b9a460 .param/l "DATA_ACK" 1 4 39, C4<0101>;
P_000001f148b9a498 .param/l "HOLD_BUS" 1 4 44, C4<1010>;
P_000001f148b9a4d0 .param/l "I2C_FREQ" 0 4 2, +C4<00000000000000011000011010100000>;
P_000001f148b9a508 .param/l "IDLE" 1 4 34, C4<0000>;
P_000001f148b9a540 .param/l "MASTER_ACK" 1 4 42, C4<1000>;
P_000001f148b9a578 .param/l "READ_DATA" 1 4 41, C4<0111>;
P_000001f148b9a5b0 .param/l "REPEATED_START" 1 4 40, C4<0110>;
P_000001f148b9a5e8 .param/l "START" 1 4 35, C4<0001>;
P_000001f148b9a620 .param/l "STOP" 1 4 43, C4<1001>;
P_000001f148b9a658 .param/l "TICK0" 1 4 46, C4<00>;
P_000001f148b9a690 .param/l "TICK1" 1 4 47, C4<01>;
P_000001f148b9a6c8 .param/l "TICK2" 1 4 48, C4<10>;
P_000001f148b9a700 .param/l "TICK3" 1 4 49, C4<11>;
P_000001f148b9a738 .param/l "WRITE_DATA" 1 4 38, C4<0100>;
L_000001f148b92b40 .functor AND 1, v000001f148bf0340_0, L_000001f148bf4010, C4<1>, C4<1>;
L_000001f148b92a60 .functor BUFZ 1, v000001f148bf0fc0_0, C4<0>, C4<0>, C4<0>;
L_000001f148b92ec0 .functor BUFZ 8, v000001f148bf11a0_0, C4<00000000>, C4<00000000>, C4<00000000>;
L_000001f148b92bb0 .functor AND 1, L_000001f148bf23f0, L_000001f148bf32f0, C4<1>, C4<1>;
L_000001f148b924b0 .functor OR 1, L_000001f148bf2fd0, L_000001f148bf3430, C4<0>, C4<0>;
L_000001f148b92c90 .functor OR 1, L_000001f148b924b0, L_000001f148bf28f0, C4<0>, C4<0>;
L_000001f148b921a0 .functor AND 1, L_000001f148b92c90, L_000001f148bf2530, C4<1>, C4<1>;
v000001f148b7cf10_0 .var "SCL", 0 0;
v000001f148bf12e0_0 .net8 "SDA", 0 0, RS_000001f148b9c638;  alias, 3 drivers, strength-aware
v000001f148bf1c40_0 .net *"_ivl_0", 31 0, L_000001f148bf31b0;  1 drivers
L_000001f148bf4498 .functor BUFT 1, C4<0>, C4<0>, C4<0>, C4<0>;
v000001f148bf1380_0 .net/2u *"_ivl_10", 0 0, L_000001f148bf4498;  1 drivers
o000001f148b9c6c8 .functor BUFZ 1, C4<z>; HiZ drive
; Elide local net with no drivers, v000001f148bf07a0_0 name=_ivl_12
L_000001f148bf44e0 .functor BUFT 1, C4<11>, C4<0>, C4<0>, C4<0>;
v000001f148bf0840_0 .net/2u *"_ivl_20", 1 0, L_000001f148bf44e0;  1 drivers
v000001f148bf1b00_0 .net *"_ivl_22", 0 0, L_000001f148bf23f0;  1 drivers
v000001f148bf08e0_0 .net *"_ivl_24", 31 0, L_000001f148bf3d90;  1 drivers
L_000001f148bf4528 .functor BUFT 1, C4<00000000000000000000000000000>, C4<0>, C4<0>, C4<0>;
v000001f148bf16a0_0 .net *"_ivl_27", 28 0, L_000001f148bf4528;  1 drivers
L_000001f148bf4570 .functor BUFT 1, C4<00000000000000000000000000000000>, C4<0>, C4<0>, C4<0>;
v000001f148bf1ce0_0 .net/2u *"_ivl_28", 31 0, L_000001f148bf4570;  1 drivers
L_000001f148bf4408 .functor BUFT 1, C4<0000000000000000000000000000000>, C4<0>, C4<0>, C4<0>;
v000001f148bf1560_0 .net *"_ivl_3", 30 0, L_000001f148bf4408;  1 drivers
v000001f148bf0160_0 .net *"_ivl_30", 0 0, L_000001f148bf32f0;  1 drivers
v000001f148bf1d80_0 .net *"_ivl_34", 63 0, L_000001f148bf3390;  1 drivers
L_000001f148bf45b8 .functor BUFT 1, C4<00000000000000000000000000000000000000000000000000000000>, C4<0>, C4<0>, C4<0>;
v000001f148bf1600_0 .net *"_ivl_37", 55 0, L_000001f148bf45b8;  1 drivers
L_000001f148bf4600 .functor BUFT 1, C4<0000000000000000000000000000000000000000000000000000000001000010>, C4<0>, C4<0>, C4<0>;
v000001f148bf0d40_0 .net/2u *"_ivl_38", 63 0, L_000001f148bf4600;  1 drivers
L_000001f148bf4450 .functor BUFT 1, C4<00000000000000000000000000000000>, C4<0>, C4<0>, C4<0>;
v000001f148bf1060_0 .net/2u *"_ivl_4", 31 0, L_000001f148bf4450;  1 drivers
L_000001f148bf4648 .functor BUFT 1, C4<0010>, C4<0>, C4<0>, C4<0>;
v000001f148bf0980_0 .net/2u *"_ivl_42", 3 0, L_000001f148bf4648;  1 drivers
v000001f148bf1420_0 .net *"_ivl_44", 0 0, L_000001f148bf2fd0;  1 drivers
L_000001f148bf4690 .functor BUFT 1, C4<0100>, C4<0>, C4<0>, C4<0>;
v000001f148bf1740_0 .net/2u *"_ivl_46", 3 0, L_000001f148bf4690;  1 drivers
v000001f148bf0520_0 .net *"_ivl_48", 0 0, L_000001f148bf3430;  1 drivers
v000001f148bf0a20_0 .net *"_ivl_51", 0 0, L_000001f148b924b0;  1 drivers
L_000001f148bf46d8 .functor BUFT 1, C4<0111>, C4<0>, C4<0>, C4<0>;
v000001f148bf0ac0_0 .net/2u *"_ivl_52", 3 0, L_000001f148bf46d8;  1 drivers
v000001f148bf1e20_0 .net *"_ivl_54", 0 0, L_000001f148bf28f0;  1 drivers
v000001f148bf1240_0 .net *"_ivl_57", 0 0, L_000001f148b92c90;  1 drivers
L_000001f148bf4720 .functor BUFT 1, C4<11>, C4<0>, C4<0>, C4<0>;
v000001f148bf17e0_0 .net/2u *"_ivl_58", 1 0, L_000001f148bf4720;  1 drivers
v000001f148bf1880_0 .net *"_ivl_6", 0 0, L_000001f148bf4010;  1 drivers
v000001f148bf1920_0 .net *"_ivl_60", 0 0, L_000001f148bf2530;  1 drivers
v000001f148bf0b60_0 .net *"_ivl_9", 0 0, L_000001f148b92b40;  1 drivers
v000001f148bf1a60_0 .net "addr", 6 0, v000001f148b7bcf0_0;  alias, 1 drivers
v000001f148bf0de0_0 .var "addr_buffer", 7 0;
v000001f148bf05c0_0 .var "bit_idx", 2 0;
v000001f148bf0e80_0 .net "bit_shift_en", 0 0, L_000001f148b921a0;  1 drivers
v000001f148bf0c00_0 .var "count", 7 0;
v000001f148bf0200_0 .net "data", 7 0, v000001f148b7c5b0_0;  alias, 1 drivers
v000001f148bf19c0_0 .var "data_buffer", 7 0;
v000001f148bf1ec0_0 .net "i_clk", 0 0, v000001f148bf3570_0;  alias, 1 drivers
v000001f148bf0660_0 .net "i_cmd_repeat", 0 0, v000001f148b7c970_0;  alias, 1 drivers
v000001f148bf1ba0_0 .net "i_cmd_stop", 0 0, v000001f148b7ca10_0;  alias, 1 drivers
v000001f148bf1f60_0 .net "i_rst", 0 0, v000001f148bf2990_0;  alias, 1 drivers
v000001f148bf14c0_0 .net "i_rw_bit", 0 0, v000001f148b7d370_0;  alias, 1 drivers
v000001f148bf0ca0_0 .net "i_start", 0 0, v000001f148b7c650_0;  alias, 1 drivers
v000001f148bf2000_0 .var "next_state", 3 0;
v000001f148bf02a0_0 .var "o_ack_error", 0 0;
v000001f148bf0700_0 .var "o_busy", 0 0;
v000001f148bf1100_0 .net "o_rx_data", 7 0, L_000001f148b92ec0;  alias, 1 drivers
v000001f148bf11a0_0 .var "rx_buffer", 7 0;
v000001f148bf0340_0 .var "sda_en", 0 0;
v000001f148bf03e0_0 .net "sda_in", 0 0, L_000001f148b92a60;  1 drivers
v000001f148bf0480_0 .var "sda_out", 0 0;
v000001f148bf0f20_0 .var "sda_sync1", 0 0;
v000001f148bf0fc0_0 .var "sda_sync2", 0 0;
v000001f148bf37f0_0 .var "state", 3 0;
v000001f148bf22b0_0 .var "tick", 1 0;
v000001f148bf2210_0 .net "xong_byte", 0 0, L_000001f148b92bb0;  1 drivers
v000001f148bf2350_0 .net "xong_tick", 0 0, L_000001f148bf2d50;  1 drivers
E_000001f148b93180/0 .event anyedge, v000001f148bf37f0_0, v000001f148b7c650_0, v000001f148b7ca10_0, v000001f148b7c970_0;
E_000001f148b93180/1 .event anyedge, v000001f148bf0de0_0, v000001f148bf22b0_0, v000001f148bf2210_0;
E_000001f148b93180 .event/or E_000001f148b93180/0, E_000001f148b93180/1;
E_000001f148b93480 .event posedge, v000001f148b7d5f0_0;
L_000001f148bf31b0 .concat [ 1 31 0 0], v000001f148bf0480_0, L_000001f148bf4408;
L_000001f148bf4010 .cmp/eq 32, L_000001f148bf31b0, L_000001f148bf4450;
L_000001f148bf3cf0 .functor MUXZ 1, o000001f148b9c6c8, L_000001f148bf4498, L_000001f148b92b40, C4<>;
L_000001f148bf23f0 .cmp/eq 2, v000001f148bf22b0_0, L_000001f148bf44e0;
L_000001f148bf3d90 .concat [ 3 29 0 0], v000001f148bf05c0_0, L_000001f148bf4528;
L_000001f148bf32f0 .cmp/eq 32, L_000001f148bf3d90, L_000001f148bf4570;
L_000001f148bf3390 .concat [ 8 56 0 0], v000001f148bf0c00_0, L_000001f148bf45b8;
L_000001f148bf2d50 .cmp/eq 64, L_000001f148bf3390, L_000001f148bf4600;
L_000001f148bf2fd0 .cmp/eq 4, v000001f148bf37f0_0, L_000001f148bf4648;
L_000001f148bf3430 .cmp/eq 4, v000001f148bf37f0_0, L_000001f148bf4690;
L_000001f148bf28f0 .cmp/eq 4, v000001f148bf37f0_0, L_000001f148bf46d8;
L_000001f148bf2530 .cmp/eq 2, v000001f148bf22b0_0, L_000001f148bf4720;
    .scope S_000001f148b12020;
T_0 ;
    %wait E_000001f148b93a40;
    %load/vec4 v000001f148b7be30_0;
    %assign/vec4 v000001f148b7d910_0, 0;
    %jmp T_0;
    .thread T_0;
    .scope S_000001f148b12020;
T_1 ;
    %wait E_000001f148b93a40;
    %load/vec4 v000001f148b7c830_0;
    %flag_set/vec4 8;
    %jmp/0xz  T_1.0, 8;
    %pushi/vec4 0, 0, 4;
    %assign/vec4 v000001f148b7d230_0, 0;
    %pushi/vec4 0, 0, 2;
    %assign/vec4 v000001f148b7cdd0_0, 0;
    %jmp T_1.1;
T_1.0 ;
    %load/vec4 v000001f148b7d9b0_0;
    %assign/vec4 v000001f148b7d230_0, 0;
T_1.1 ;
    %jmp T_1;
    .thread T_1;
    .scope S_000001f148b12020;
T_2 ;
    %wait E_000001f148b93b00;
    %load/vec4 v000001f148b7d230_0;
    %store/vec4 v000001f148b7d9b0_0, 0, 4;
    %load/vec4 v000001f148b7d230_0;
    %dup/vec4;
    %pushi/vec4 0, 0, 4;
    %cmp/u;
    %jmp/1 T_2.0, 6;
    %dup/vec4;
    %pushi/vec4 2, 0, 4;
    %cmp/u;
    %jmp/1 T_2.1, 6;
    %dup/vec4;
    %pushi/vec4 3, 0, 4;
    %cmp/u;
    %jmp/1 T_2.2, 6;
    %dup/vec4;
    %pushi/vec4 4, 0, 4;
    %cmp/u;
    %jmp/1 T_2.3, 6;
    %dup/vec4;
    %pushi/vec4 5, 0, 4;
    %cmp/u;
    %jmp/1 T_2.4, 6;
    %dup/vec4;
    %pushi/vec4 6, 0, 4;
    %cmp/u;
    %jmp/1 T_2.5, 6;
    %dup/vec4;
    %pushi/vec4 7, 0, 4;
    %cmp/u;
    %jmp/1 T_2.6, 6;
    %dup/vec4;
    %pushi/vec4 8, 0, 4;
    %cmp/u;
    %jmp/1 T_2.7, 6;
    %pushi/vec4 0, 0, 4;
    %store/vec4 v000001f148b7d9b0_0, 0, 4;
    %jmp T_2.9;
T_2.0 ;
    %load/vec4 v000001f148b7cc90_0;
    %flag_set/vec4 8;
    %jmp/0xz  T_2.10, 8;
    %pushi/vec4 2, 0, 4;
    %store/vec4 v000001f148b7d9b0_0, 0, 4;
T_2.10 ;
    %jmp T_2.9;
T_2.1 ;
    %load/vec4 v000001f148b7be30_0;
    %flag_set/vec4 8;
    %jmp/0xz  T_2.12, 8;
    %pushi/vec4 3, 0, 4;
    %store/vec4 v000001f148b7d9b0_0, 0, 4;
T_2.12 ;
    %jmp T_2.9;
T_2.2 ;
    %load/vec4 v000001f148b7bbb0_0;
    %flag_set/vec4 8;
    %jmp/0xz  T_2.14, 8;
    %load/vec4 v000001f148b7d190_0;
    %flag_set/vec4 8;
    %jmp/0xz  T_2.16, 8;
    %pushi/vec4 8, 0, 4;
    %store/vec4 v000001f148b7d9b0_0, 0, 4;
    %jmp T_2.17;
T_2.16 ;
    %pushi/vec4 4, 0, 4;
    %store/vec4 v000001f148b7d9b0_0, 0, 4;
T_2.17 ;
T_2.14 ;
    %jmp T_2.9;
T_2.3 ;
    %load/vec4 v000001f148b7be30_0;
    %flag_set/vec4 8;
    %jmp/0xz  T_2.18, 8;
    %pushi/vec4 5, 0, 4;
    %store/vec4 v000001f148b7d9b0_0, 0, 4;
T_2.18 ;
    %jmp T_2.9;
T_2.4 ;
    %load/vec4 v000001f148b7bbb0_0;
    %flag_set/vec4 8;
    %jmp/0xz  T_2.20, 8;
    %load/vec4 v000001f148b7cdd0_0;
    %cmpi/e 2, 0, 2;
    %jmp/0xz  T_2.22, 4;
    %pushi/vec4 6, 0, 4;
    %store/vec4 v000001f148b7d9b0_0, 0, 4;
    %jmp T_2.23;
T_2.22 ;
    %pushi/vec4 8, 0, 4;
    %store/vec4 v000001f148b7d9b0_0, 0, 4;
T_2.23 ;
T_2.20 ;
    %jmp T_2.9;
T_2.5 ;
    %load/vec4 v000001f148b7be30_0;
    %flag_set/vec4 8;
    %jmp/0xz  T_2.24, 8;
    %pushi/vec4 7, 0, 4;
    %store/vec4 v000001f148b7d9b0_0, 0, 4;
T_2.24 ;
    %jmp T_2.9;
T_2.6 ;
    %load/vec4 v000001f148b7bbb0_0;
    %flag_set/vec4 8;
    %jmp/0xz  T_2.26, 8;
    %load/vec4 v000001f148b7d410_0;
    %flag_set/vec4 8;
    %jmp/0xz  T_2.28, 8;
    %pushi/vec4 8, 0, 4;
    %store/vec4 v000001f148b7d9b0_0, 0, 4;
    %jmp T_2.29;
T_2.28 ;
    %pushi/vec4 7, 0, 4;
    %store/vec4 v000001f148b7d9b0_0, 0, 4;
T_2.29 ;
T_2.26 ;
    %jmp T_2.9;
T_2.7 ;
    %load/vec4 v000001f148b7bbb0_0;
    %flag_set/vec4 8;
    %jmp/0xz  T_2.30, 8;
    %load/vec4 v000001f148b7cdd0_0;
    %cmpi/u 2, 0, 2;
    %jmp/0xz  T_2.32, 5;
    %pushi/vec4 2, 0, 4;
    %store/vec4 v000001f148b7d9b0_0, 0, 4;
    %jmp T_2.33;
T_2.32 ;
    %pushi/vec4 0, 0, 4;
    %store/vec4 v000001f148b7d9b0_0, 0, 4;
T_2.33 ;
T_2.30 ;
    %jmp T_2.9;
T_2.9 ;
    %pop/vec4 1;
    %jmp T_2;
    .thread T_2, $push;
    .scope S_000001f148b12020;
T_3 ;
    %wait E_000001f148b93a40;
    %load/vec4 v000001f148b7c830_0;
    %flag_set/vec4 8;
    %jmp/0xz  T_3.0, 8;
    %pushi/vec4 0, 0, 4;
    %assign/vec4 v000001f148b7cb50_0, 0;
    %pushi/vec4 0, 0, 1;
    %assign/vec4 v000001f148b7c650_0, 0;
    %pushi/vec4 0, 0, 1;
    %assign/vec4 v000001f148b7ca10_0, 0;
    %pushi/vec4 0, 0, 1;
    %assign/vec4 v000001f148b7c970_0, 0;
    %pushi/vec4 0, 0, 112;
    %assign/vec4 v000001f148b7cab0_0, 0;
    %pushi/vec4 0, 0, 2;
    %assign/vec4 v000001f148b7cdd0_0, 0;
    %jmp T_3.1;
T_3.0 ;
    %load/vec4 v000001f148b7d230_0;
    %cmpi/e 0, 0, 4;
    %jmp/0xz  T_3.2, 4;
    %pushi/vec4 0, 0, 4;
    %assign/vec4 v000001f148b7cb50_0, 0;
    %jmp T_3.3;
T_3.2 ;
    %load/vec4 v000001f148b7d2d0_0;
    %flag_set/vec4 8;
    %jmp/0xz  T_3.4, 8;
    %load/vec4 v000001f148b7cb50_0;
    %addi 1, 0, 4;
    %assign/vec4 v000001f148b7cb50_0, 0;
T_3.4 ;
T_3.3 ;
    %load/vec4 v000001f148b7d230_0;
    %cmpi/e 7, 0, 4;
    %flag_get/vec4 4;
    %jmp/0 T_3.8, 4;
    %load/vec4 v000001f148b7d2d0_0;
    %and;
T_3.8;
    %flag_set/vec4 8;
    %jmp/0xz  T_3.6, 8;
    %load/vec4 v000001f148b7c150_0;
    %ix/load 5, 0, 0;
    %pushi/vec4 13, 0, 32;
    %load/vec4 v000001f148b7cb50_0;
    %pad/u 32;
    %sub;
    %muli 8, 0, 32;
    %ix/vec4 4;
    %assign/vec4/off/d v000001f148b7cab0_0, 4, 5;
T_3.6 ;
    %load/vec4 v000001f148b7d230_0;
    %cmpi/e 8, 0, 4;
    %flag_get/vec4 4;
    %jmp/0 T_3.11, 4;
    %load/vec4 v000001f148b7d9b0_0;
    %pushi/vec4 0, 0, 4;
    %cmp/e;
    %flag_get/vec4 4;
    %and;
T_3.11;
    %flag_set/vec4 8;
    %jmp/0xz  T_3.9, 8;
    %pushi/vec4 1, 0, 1;
    %assign/vec4 v000001f148b7bc50_0, 0;
    %jmp T_3.10;
T_3.9 ;
    %load/vec4 v000001f148b7cc90_0;
    %flag_set/vec4 8;
    %jmp/0xz  T_3.12, 8;
    %pushi/vec4 0, 0, 1;
    %assign/vec4 v000001f148b7bc50_0, 0;
T_3.12 ;
T_3.10 ;
    %load/vec4 v000001f148b7be30_0;
    %flag_set/vec4 8;
    %jmp/0xz  T_3.14, 8;
    %pushi/vec4 0, 0, 1;
    %assign/vec4 v000001f148b7c650_0, 0;
    %pushi/vec4 0, 0, 1;
    %assign/vec4 v000001f148b7ca10_0, 0;
    %pushi/vec4 0, 0, 1;
    %assign/vec4 v000001f148b7c970_0, 0;
T_3.14 ;
    %pushi/vec4 104, 0, 7;
    %assign/vec4 v000001f148b7bcf0_0, 0;
    %load/vec4 v000001f148b7d230_0;
    %cmpi/e 7, 0, 4;
    %jmp/1 T_3.18, 4;
    %flag_mov 8, 4;
    %load/vec4 v000001f148b7d230_0;
    %cmpi/e 6, 0, 4;
    %flag_or 4, 8;
T_3.18;
    %flag_mov 8, 4;
    %jmp/0 T_3.16, 8;
    %pushi/vec4 1, 0, 2;
    %jmp/1 T_3.17, 8;
T_3.16 ; End of true expr.
    %pushi/vec4 0, 0, 2;
    %jmp/0 T_3.17, 8;
 ; End of false expr.
    %blend;
T_3.17;
    %pad/s 1;
    %assign/vec4 v000001f148b7d370_0, 0;
    %load/vec4 v000001f148b7d230_0;
    %cmpi/e 2, 0, 4;
    %jmp/0xz  T_3.19, 4;
    %load/vec4 v000001f148b7cdd0_0;
    %dup/vec4;
    %pushi/vec4 0, 0, 2;
    %cmp/u;
    %jmp/1 T_3.21, 6;
    %dup/vec4;
    %pushi/vec4 1, 0, 2;
    %cmp/u;
    %jmp/1 T_3.22, 6;
    %jmp T_3.23;
T_3.21 ;
    %pushi/vec4 107, 0, 8;
    %assign/vec4 v000001f148b7c5b0_0, 0;
    %jmp T_3.23;
T_3.22 ;
    %pushi/vec4 59, 0, 8;
    %assign/vec4 v000001f148b7c5b0_0, 0;
    %jmp T_3.23;
T_3.23 ;
    %pop/vec4 1;
    %jmp T_3.20;
T_3.19 ;
    %load/vec4 v000001f148b7d230_0;
    %cmpi/e 4, 0, 4;
    %jmp/0xz  T_3.24, 4;
    %load/vec4 v000001f148b7cdd0_0;
    %dup/vec4;
    %pushi/vec4 0, 0, 2;
    %cmp/u;
    %jmp/1 T_3.26, 6;
    %dup/vec4;
    %pushi/vec4 1, 0, 2;
    %cmp/u;
    %jmp/1 T_3.27, 6;
    %jmp T_3.28;
T_3.26 ;
    %pushi/vec4 0, 0, 8;
    %assign/vec4 v000001f148b7c5b0_0, 0;
    %jmp T_3.28;
T_3.27 ;
    %pushi/vec4 0, 0, 8;
    %assign/vec4 v000001f148b7c5b0_0, 0;
    %jmp T_3.28;
T_3.28 ;
    %pop/vec4 1;
T_3.24 ;
T_3.20 ;
    %load/vec4 v000001f148b7d230_0;
    %dup/vec4;
    %pushi/vec4 0, 0, 4;
    %cmp/u;
    %jmp/1 T_3.29, 6;
    %dup/vec4;
    %pushi/vec4 2, 0, 4;
    %cmp/u;
    %jmp/1 T_3.30, 6;
    %dup/vec4;
    %pushi/vec4 3, 0, 4;
    %cmp/u;
    %jmp/1 T_3.31, 6;
    %dup/vec4;
    %pushi/vec4 4, 0, 4;
    %cmp/u;
    %jmp/1 T_3.32, 6;
    %dup/vec4;
    %pushi/vec4 5, 0, 4;
    %cmp/u;
    %jmp/1 T_3.33, 6;
    %dup/vec4;
    %pushi/vec4 6, 0, 4;
    %cmp/u;
    %jmp/1 T_3.34, 6;
    %dup/vec4;
    %pushi/vec4 7, 0, 4;
    %cmp/u;
    %jmp/1 T_3.35, 6;
    %dup/vec4;
    %pushi/vec4 8, 0, 4;
    %cmp/u;
    %jmp/1 T_3.36, 6;
    %jmp T_3.37;
T_3.29 ;
    %load/vec4 v000001f148b7cc90_0;
    %flag_set/vec4 8;
    %jmp/0xz  T_3.38, 8;
    %pushi/vec4 1, 0, 1;
    %assign/vec4 v000001f148b7c650_0, 0;
    %pushi/vec4 0, 0, 2;
    %assign/vec4 v000001f148b7cdd0_0, 0;
T_3.38 ;
    %jmp T_3.37;
T_3.30 ;
    %pushi/vec4 1, 0, 1;
    %assign/vec4 v000001f148b7c650_0, 0;
    %jmp T_3.37;
T_3.31 ;
    %load/vec4 v000001f148b7d190_0;
    %flag_set/vec4 8;
    %jmp/0xz  T_3.40, 8;
    %pushi/vec4 1, 0, 1;
    %assign/vec4 v000001f148b7ca10_0, 0;
T_3.40 ;
    %jmp T_3.37;
T_3.32 ;
    %pushi/vec4 1, 0, 1;
    %assign/vec4 v000001f148b7c650_0, 0;
    %jmp T_3.37;
T_3.33 ;
    %load/vec4 v000001f148b7d190_0;
    %flag_set/vec4 8;
    %jmp/0xz  T_3.42, 8;
    %pushi/vec4 1, 0, 1;
    %assign/vec4 v000001f148b7ca10_0, 0;
T_3.42 ;
    %jmp T_3.37;
T_3.34 ;
    %pushi/vec4 1, 0, 1;
    %assign/vec4 v000001f148b7c970_0, 0;
    %pushi/vec4 1, 0, 1;
    %assign/vec4 v000001f148b7c650_0, 0;
    %jmp T_3.37;
T_3.35 ;
    %load/vec4 v000001f148b7bbb0_0;
    %flag_set/vec4 9;
    %flag_get/vec4 9;
    %jmp/0 T_3.46, 9;
    %load/vec4 v000001f148b7cb50_0;
    %pad/u 32;
    %cmpi/u 13, 0, 32;
    %flag_get/vec4 5;
    %and;
T_3.46;
    %flag_set/vec4 8;
    %jmp/0xz  T_3.44, 8;
    %pushi/vec4 1, 0, 1;
    %assign/vec4 v000001f148b7c650_0, 0;
    %load/vec4 v000001f148b7cb50_0;
    %pad/u 32;
    %cmpi/e 12, 0, 32;
    %jmp/0xz  T_3.47, 4;
    %pushi/vec4 1, 0, 1;
    %assign/vec4 v000001f148b7ca10_0, 0;
    %jmp T_3.48;
T_3.47 ;
    %pushi/vec4 0, 0, 1;
    %assign/vec4 v000001f148b7ca10_0, 0;
T_3.48 ;
T_3.44 ;
    %jmp T_3.37;
T_3.36 ;
    %pushi/vec4 1, 0, 1;
    %assign/vec4 v000001f148b7ca10_0, 0;
    %load/vec4 v000001f148b7bbb0_0;
    %flag_set/vec4 9;
    %flag_get/vec4 9;
    %jmp/0 T_3.51, 9;
    %load/vec4 v000001f148b7cdd0_0;
    %cmpi/u 2, 0, 2;
    %flag_get/vec4 5;
    %and;
T_3.51;
    %flag_set/vec4 8;
    %jmp/0xz  T_3.49, 8;
    %load/vec4 v000001f148b7cdd0_0;
    %addi 1, 0, 2;
    %assign/vec4 v000001f148b7cdd0_0, 0;
T_3.49 ;
    %jmp T_3.37;
T_3.37 ;
    %pop/vec4 1;
T_3.1 ;
    %jmp T_3;
    .thread T_3;
    .scope S_000001f148b322b0;
T_4 ;
    %wait E_000001f148b93480;
    %load/vec4 v000001f148bf12e0_0;
    %assign/vec4 v000001f148bf0f20_0, 0;
    %load/vec4 v000001f148bf0f20_0;
    %assign/vec4 v000001f148bf0fc0_0, 0;
    %jmp T_4;
    .thread T_4;
    .scope S_000001f148b322b0;
T_5 ;
    %wait E_000001f148b93a40;
    %load/vec4 v000001f148bf1f60_0;
    %flag_set/vec4 8;
    %jmp/0xz  T_5.0, 8;
    %pushi/vec4 0, 0, 4;
    %assign/vec4 v000001f148bf37f0_0, 0;
    %jmp T_5.1;
T_5.0 ;
    %load/vec4 v000001f148bf0ca0_0;
    %flag_set/vec4 9;
    %flag_get/vec4 9;
    %jmp/0 T_5.4, 9;
    %load/vec4 v000001f148bf37f0_0;
    %pushi/vec4 0, 0, 4;
    %cmp/e;
    %flag_get/vec4 4;
    %and;
T_5.4;
    %flag_set/vec4 8;
    %jmp/0xz  T_5.2, 8;
    %load/vec4 v000001f148bf2000_0;
    %assign/vec4 v000001f148bf37f0_0, 0;
    %jmp T_5.3;
T_5.2 ;
    %load/vec4 v000001f148bf22b0_0;
    %cmpi/e 3, 0, 2;
    %flag_get/vec4 4;
    %jmp/0 T_5.7, 4;
    %load/vec4 v000001f148bf2350_0;
    %and;
T_5.7;
    %flag_set/vec4 8;
    %jmp/0xz  T_5.5, 8;
    %load/vec4 v000001f148bf2000_0;
    %assign/vec4 v000001f148bf37f0_0, 0;
    %jmp T_5.6;
T_5.5 ;
    %load/vec4 v000001f148bf0ca0_0;
    %flag_set/vec4 9;
    %jmp/1 T_5.12, 9;
    %load/vec4 v000001f148bf1ba0_0;
    %flag_set/vec4 10;
    %flag_or 9, 10;
T_5.12;
    %jmp/1 T_5.11, 9;
    %load/vec4 v000001f148bf0660_0;
    %flag_set/vec4 10;
    %flag_or 9, 10;
T_5.11;
    %flag_get/vec4 9;
    %jmp/0 T_5.10, 9;
    %load/vec4 v000001f148bf37f0_0;
    %pushi/vec4 10, 0, 4;
    %cmp/e;
    %flag_get/vec4 4;
    %and;
T_5.10;
    %flag_set/vec4 8;
    %jmp/0xz  T_5.8, 8;
    %load/vec4 v000001f148bf2000_0;
    %assign/vec4 v000001f148bf37f0_0, 0;
T_5.8 ;
T_5.6 ;
T_5.3 ;
T_5.1 ;
    %jmp T_5;
    .thread T_5;
    .scope S_000001f148b322b0;
T_6 ;
    %wait E_000001f148b93180;
    %load/vec4 v000001f148bf37f0_0;
    %store/vec4 v000001f148bf2000_0, 0, 4;
    %load/vec4 v000001f148bf37f0_0;
    %dup/vec4;
    %pushi/vec4 0, 0, 4;
    %cmp/u;
    %jmp/1 T_6.0, 6;
    %dup/vec4;
    %pushi/vec4 10, 0, 4;
    %cmp/u;
    %jmp/1 T_6.1, 6;
    %dup/vec4;
    %pushi/vec4 1, 0, 4;
    %cmp/u;
    %jmp/1 T_6.2, 6;
    %dup/vec4;
    %pushi/vec4 2, 0, 4;
    %cmp/u;
    %jmp/1 T_6.3, 6;
    %dup/vec4;
    %pushi/vec4 3, 0, 4;
    %cmp/u;
    %jmp/1 T_6.4, 6;
    %dup/vec4;
    %pushi/vec4 4, 0, 4;
    %cmp/u;
    %jmp/1 T_6.5, 6;
    %dup/vec4;
    %pushi/vec4 5, 0, 4;
    %cmp/u;
    %jmp/1 T_6.6, 6;
    %dup/vec4;
    %pushi/vec4 6, 0, 4;
    %cmp/u;
    %jmp/1 T_6.7, 6;
    %dup/vec4;
    %pushi/vec4 7, 0, 4;
    %cmp/u;
    %jmp/1 T_6.8, 6;
    %dup/vec4;
    %pushi/vec4 8, 0, 4;
    %cmp/u;
    %jmp/1 T_6.9, 6;
    %dup/vec4;
    %pushi/vec4 9, 0, 4;
    %cmp/u;
    %jmp/1 T_6.10, 6;
    %pushi/vec4 0, 0, 4;
    %store/vec4 v000001f148bf2000_0, 0, 4;
    %jmp T_6.12;
T_6.0 ;
    %load/vec4 v000001f148bf0ca0_0;
    %flag_set/vec4 8;
    %jmp/0xz  T_6.13, 8;
    %pushi/vec4 1, 0, 4;
    %store/vec4 v000001f148bf2000_0, 0, 4;
T_6.13 ;
    %jmp T_6.12;
T_6.1 ;
    %load/vec4 v000001f148bf1ba0_0;
    %flag_set/vec4 8;
    %jmp/0xz  T_6.15, 8;
    %pushi/vec4 9, 0, 4;
    %store/vec4 v000001f148bf2000_0, 0, 4;
    %jmp T_6.16;
T_6.15 ;
    %load/vec4 v000001f148bf0660_0;
    %flag_set/vec4 8;
    %jmp/0xz  T_6.17, 8;
    %pushi/vec4 6, 0, 4;
    %store/vec4 v000001f148bf2000_0, 0, 4;
    %jmp T_6.18;
T_6.17 ;
    %load/vec4 v000001f148bf0ca0_0;
    %flag_set/vec4 8;
    %jmp/0xz  T_6.19, 8;
    %load/vec4 v000001f148bf0de0_0;
    %parti/s 1, 0, 2;
    %flag_set/vec4 8;
    %jmp/0 T_6.21, 8;
    %pushi/vec4 7, 0, 4;
    %jmp/1 T_6.22, 8;
T_6.21 ; End of true expr.
    %pushi/vec4 4, 0, 4;
    %jmp/0 T_6.22, 8;
 ; End of false expr.
    %blend;
T_6.22;
    %store/vec4 v000001f148bf2000_0, 0, 4;
    %jmp T_6.20;
T_6.19 ;
    %pushi/vec4 10, 0, 4;
    %store/vec4 v000001f148bf2000_0, 0, 4;
T_6.20 ;
T_6.18 ;
T_6.16 ;
    %jmp T_6.12;
T_6.2 ;
    %load/vec4 v000001f148bf22b0_0;
    %cmpi/e 3, 0, 2;
    %jmp/0xz  T_6.23, 4;
    %pushi/vec4 2, 0, 4;
    %store/vec4 v000001f148bf2000_0, 0, 4;
T_6.23 ;
    %jmp T_6.12;
T_6.3 ;
    %load/vec4 v000001f148bf2210_0;
    %flag_set/vec4 8;
    %jmp/0xz  T_6.25, 8;
    %pushi/vec4 3, 0, 4;
    %store/vec4 v000001f148bf2000_0, 0, 4;
T_6.25 ;
    %jmp T_6.12;
T_6.4 ;
    %load/vec4 v000001f148bf22b0_0;
    %cmpi/e 3, 0, 2;
    %jmp/0xz  T_6.27, 4;
    %pushi/vec4 10, 0, 4;
    %store/vec4 v000001f148bf2000_0, 0, 4;
T_6.27 ;
    %jmp T_6.12;
T_6.5 ;
    %load/vec4 v000001f148bf2210_0;
    %flag_set/vec4 8;
    %jmp/0xz  T_6.29, 8;
    %pushi/vec4 5, 0, 4;
    %store/vec4 v000001f148bf2000_0, 0, 4;
T_6.29 ;
    %jmp T_6.12;
T_6.6 ;
    %load/vec4 v000001f148bf22b0_0;
    %cmpi/e 3, 0, 2;
    %jmp/0xz  T_6.31, 4;
    %pushi/vec4 10, 0, 4;
    %store/vec4 v000001f148bf2000_0, 0, 4;
T_6.31 ;
    %jmp T_6.12;
T_6.7 ;
    %load/vec4 v000001f148bf22b0_0;
    %cmpi/e 3, 0, 2;
    %jmp/0xz  T_6.33, 4;
    %pushi/vec4 2, 0, 4;
    %store/vec4 v000001f148bf2000_0, 0, 4;
T_6.33 ;
    %jmp T_6.12;
T_6.8 ;
    %load/vec4 v000001f148bf2210_0;
    %flag_set/vec4 8;
    %jmp/0xz  T_6.35, 8;
    %pushi/vec4 8, 0, 4;
    %store/vec4 v000001f148bf2000_0, 0, 4;
T_6.35 ;
    %jmp T_6.12;
T_6.9 ;
    %load/vec4 v000001f148bf22b0_0;
    %cmpi/e 3, 0, 2;
    %jmp/0xz  T_6.37, 4;
    %pushi/vec4 10, 0, 4;
    %store/vec4 v000001f148bf2000_0, 0, 4;
T_6.37 ;
    %jmp T_6.12;
T_6.10 ;
    %load/vec4 v000001f148bf22b0_0;
    %cmpi/e 3, 0, 2;
    %jmp/0xz  T_6.39, 4;
    %pushi/vec4 0, 0, 4;
    %store/vec4 v000001f148bf2000_0, 0, 4;
T_6.39 ;
    %jmp T_6.12;
T_6.12 ;
    %pop/vec4 1;
    %jmp T_6;
    .thread T_6, $push;
    .scope S_000001f148b322b0;
T_7 ;
    %wait E_000001f148b93a40;
    %load/vec4 v000001f148bf1f60_0;
    %flag_set/vec4 8;
    %jmp/0xz  T_7.0, 8;
    %pushi/vec4 0, 0, 8;
    %assign/vec4 v000001f148bf0c00_0, 0;
    %pushi/vec4 0, 0, 2;
    %assign/vec4 v000001f148bf22b0_0, 0;
    %pushi/vec4 7, 0, 3;
    %assign/vec4 v000001f148bf05c0_0, 0;
    %pushi/vec4 1, 0, 1;
    %assign/vec4 v000001f148b7cf10_0, 0;
    %pushi/vec4 0, 0, 1;
    %assign/vec4 v000001f148bf0340_0, 0;
    %pushi/vec4 0, 0, 1;
    %assign/vec4 v000001f148bf02a0_0, 0;
    %jmp T_7.1;
T_7.0 ;
    %load/vec4 v000001f148bf37f0_0;
    %cmpi/e 0, 0, 4;
    %jmp/1 T_7.4, 4;
    %flag_mov 8, 4;
    %load/vec4 v000001f148bf37f0_0;
    %cmpi/e 10, 0, 4;
    %flag_or 4, 8;
T_7.4;
    %jmp/0xz  T_7.2, 4;
    %pushi/vec4 0, 0, 8;
    %assign/vec4 v000001f148bf0c00_0, 0;
    %jmp T_7.3;
T_7.2 ;
    %load/vec4 v000001f148bf2350_0;
    %flag_set/vec4 8;
    %jmp/0xz  T_7.5, 8;
    %pushi/vec4 0, 0, 8;
    %assign/vec4 v000001f148bf0c00_0, 0;
    %jmp T_7.6;
T_7.5 ;
    %load/vec4 v000001f148bf0c00_0;
    %addi 1, 0, 8;
    %assign/vec4 v000001f148bf0c00_0, 0;
T_7.6 ;
T_7.3 ;
    %load/vec4 v000001f148bf37f0_0;
    %cmpi/e 0, 0, 4;
    %jmp/1 T_7.9, 4;
    %flag_mov 8, 4;
    %load/vec4 v000001f148bf37f0_0;
    %cmpi/e 10, 0, 4;
    %flag_or 4, 8;
T_7.9;
    %jmp/0xz  T_7.7, 4;
    %pushi/vec4 0, 0, 2;
    %assign/vec4 v000001f148bf22b0_0, 0;
    %jmp T_7.8;
T_7.7 ;
    %load/vec4 v000001f148bf2350_0;
    %flag_set/vec4 8;
    %jmp/0xz  T_7.10, 8;
    %pushi/vec4 0, 0, 2;
    %assign/vec4 v000001f148bf22b0_0, 0;
    %jmp T_7.11;
T_7.10 ;
    %load/vec4 v000001f148bf22b0_0;
    %addi 1, 0, 2;
    %assign/vec4 v000001f148bf22b0_0, 0;
T_7.11 ;
T_7.8 ;
    %load/vec4 v000001f148bf37f0_0;
    %cmpi/e 0, 0, 4;
    %jmp/1 T_7.14, 4;
    %flag_mov 8, 4;
    %load/vec4 v000001f148bf37f0_0;
    %cmpi/e 10, 0, 4;
    %flag_or 4, 8;
T_7.14;
    %jmp/0xz  T_7.12, 4;
    %pushi/vec4 7, 0, 3;
    %assign/vec4 v000001f148bf05c0_0, 0;
    %jmp T_7.13;
T_7.12 ;
    %load/vec4 v000001f148bf2210_0;
    %flag_set/vec4 8;
    %jmp/0xz  T_7.15, 8;
    %pushi/vec4 7, 0, 3;
    %assign/vec4 v000001f148bf05c0_0, 0;
    %jmp T_7.16;
T_7.15 ;
    %load/vec4 v000001f148bf0e80_0;
    %flag_set/vec4 9;
    %flag_get/vec4 9;
    %jmp/0 T_7.19, 9;
    %load/vec4 v000001f148bf2350_0;
    %and;
T_7.19;
    %flag_set/vec4 8;
    %jmp/0xz  T_7.17, 8;
    %load/vec4 v000001f148bf05c0_0;
    %subi 1, 0, 3;
    %assign/vec4 v000001f148bf05c0_0, 0;
T_7.17 ;
T_7.16 ;
T_7.13 ;
    %load/vec4 v000001f148bf37f0_0;
    %cmpi/ne 0, 0, 4;
    %flag_get/vec4 4;
    %jmp/0 T_7.20, 4;
    %load/vec4 v000001f148bf37f0_0;
    %pushi/vec4 10, 0, 4;
    %cmp/ne;
    %flag_get/vec4 4;
    %and;
T_7.20;
    %assign/vec4 v000001f148bf0700_0, 0;
    %load/vec4 v000001f148bf37f0_0;
    %cmpi/e 3, 0, 4;
    %jmp/1 T_7.23, 4;
    %flag_mov 8, 4;
    %load/vec4 v000001f148bf37f0_0;
    %cmpi/e 5, 0, 4;
    %flag_or 4, 8;
T_7.23;
    %jmp/0xz  T_7.21, 4;
    %load/vec4 v000001f148bf22b0_0;
    %cmpi/e 2, 0, 2;
    %flag_get/vec4 4;
    %jmp/0 T_7.26, 4;
    %load/vec4 v000001f148bf2350_0;
    %and;
T_7.26;
    %flag_set/vec4 8;
    %jmp/0xz  T_7.24, 8;
    %load/vec4 v000001f148bf03e0_0;
    %flag_set/vec4 8;
    %jmp/0 T_7.27, 8;
    %pushi/vec4 1, 0, 2;
    %jmp/1 T_7.28, 8;
T_7.27 ; End of true expr.
    %pushi/vec4 0, 0, 2;
    %jmp/0 T_7.28, 8;
 ; End of false expr.
    %blend;
T_7.28;
    %pad/s 1;
    %assign/vec4 v000001f148bf02a0_0, 0;
T_7.24 ;
    %jmp T_7.22;
T_7.21 ;
    %load/vec4 v000001f148bf0ca0_0;
    %flag_set/vec4 9;
    %flag_get/vec4 9;
    %jmp/0 T_7.31, 9;
    %load/vec4 v000001f148bf37f0_0;
    %pushi/vec4 0, 0, 4;
    %cmp/e;
    %flag_get/vec4 4;
    %and;
T_7.31;
    %flag_set/vec4 8;
    %jmp/0xz  T_7.29, 8;
    %pushi/vec4 0, 0, 1;
    %assign/vec4 v000001f148bf02a0_0, 0;
    %jmp T_7.30;
T_7.29 ;
    %load/vec4 v000001f148bf37f0_0;
    %cmpi/e 10, 0, 4;
    %jmp/0xz  T_7.32, 4;
    %load/vec4 v000001f148bf02a0_0;
    %assign/vec4 v000001f148bf02a0_0, 0;
T_7.32 ;
T_7.30 ;
T_7.22 ;
    %load/vec4 v000001f148bf0ca0_0;
    %flag_set/vec4 9;
    %flag_get/vec4 9;
    %jmp/0 T_7.36, 9;
    %load/vec4 v000001f148bf37f0_0;
    %cmpi/e 0, 0, 4;
    %flag_get/vec4 4;
    %jmp/1 T_7.37, 4;
    %load/vec4 v000001f148bf37f0_0;
    %pushi/vec4 10, 0, 4;
    %cmp/e;
    %flag_get/vec4 4;
    %or;
T_7.37;
    %and;
T_7.36;
    %flag_set/vec4 8;
    %jmp/0xz  T_7.34, 8;
    %load/vec4 v000001f148bf1a60_0;
    %load/vec4 v000001f148bf14c0_0;
    %concat/vec4; draw_concat_vec4
    %assign/vec4 v000001f148bf0de0_0, 0;
    %load/vec4 v000001f148bf0200_0;
    %assign/vec4 v000001f148bf19c0_0, 0;
T_7.34 ;
    %load/vec4 v000001f148bf37f0_0;
    %cmpi/e 0, 0, 4;
    %jmp/0xz  T_7.38, 4;
    %pushi/vec4 1, 0, 1;
    %assign/vec4 v000001f148b7cf10_0, 0;
    %pushi/vec4 0, 0, 1;
    %assign/vec4 v000001f148bf0340_0, 0;
    %pushi/vec4 0, 0, 1;
    %assign/vec4 v000001f148bf0480_0, 0;
    %jmp T_7.39;
T_7.38 ;
    %load/vec4 v000001f148bf37f0_0;
    %cmpi/e 10, 0, 4;
    %jmp/0xz  T_7.40, 4;
    %pushi/vec4 0, 0, 1;
    %assign/vec4 v000001f148b7cf10_0, 0;
    %pushi/vec4 0, 0, 1;
    %assign/vec4 v000001f148bf0340_0, 0;
    %pushi/vec4 1, 0, 1;
    %assign/vec4 v000001f148bf0480_0, 0;
    %jmp T_7.41;
T_7.40 ;
    %load/vec4 v000001f148bf2350_0;
    %flag_set/vec4 8;
    %jmp/0xz  T_7.42, 8;
    %load/vec4 v000001f148bf37f0_0;
    %dup/vec4;
    %pushi/vec4 1, 0, 4;
    %cmp/u;
    %jmp/1 T_7.44, 6;
    %dup/vec4;
    %pushi/vec4 2, 0, 4;
    %cmp/u;
    %jmp/1 T_7.45, 6;
    %dup/vec4;
    %pushi/vec4 3, 0, 4;
    %cmp/u;
    %jmp/1 T_7.46, 6;
    %dup/vec4;
    %pushi/vec4 4, 0, 4;
    %cmp/u;
    %jmp/1 T_7.47, 6;
    %dup/vec4;
    %pushi/vec4 5, 0, 4;
    %cmp/u;
    %jmp/1 T_7.48, 6;
    %dup/vec4;
    %pushi/vec4 6, 0, 4;
    %cmp/u;
    %jmp/1 T_7.49, 6;
    %dup/vec4;
    %pushi/vec4 7, 0, 4;
    %cmp/u;
    %jmp/1 T_7.50, 6;
    %dup/vec4;
    %pushi/vec4 8, 0, 4;
    %cmp/u;
    %jmp/1 T_7.51, 6;
    %dup/vec4;
    %pushi/vec4 9, 0, 4;
    %cmp/u;
    %jmp/1 T_7.52, 6;
    %jmp T_7.53;
T_7.44 ;
    %load/vec4 v000001f148bf22b0_0;
    %cmpi/u 3, 0, 2;
    %flag_inv 5; GE is !LT
    %flag_mov 8, 5;
    %jmp/0 T_7.54, 8;
    %pushi/vec4 0, 0, 2;
    %jmp/1 T_7.55, 8;
T_7.54 ; End of true expr.
    %pushi/vec4 1, 0, 2;
    %jmp/0 T_7.55, 8;
 ; End of false expr.
    %blend;
T_7.55;
    %pad/s 1;
    %assign/vec4 v000001f148b7cf10_0, 0;
    %pushi/vec4 1, 0, 1;
    %assign/vec4 v000001f148bf0340_0, 0;
    %load/vec4 v000001f148bf22b0_0;
    %cmpi/u 1, 0, 2;
    %flag_inv 5; GE is !LT
    %flag_mov 8, 5;
    %jmp/0 T_7.56, 8;
    %pushi/vec4 0, 0, 2;
    %jmp/1 T_7.57, 8;
T_7.56 ; End of true expr.
    %pushi/vec4 1, 0, 2;
    %jmp/0 T_7.57, 8;
 ; End of false expr.
    %blend;
T_7.57;
    %pad/s 1;
    %assign/vec4 v000001f148bf0480_0, 0;
    %jmp T_7.53;
T_7.45 ;
    %pushi/vec4 2, 0, 2;
    %load/vec4 v000001f148bf22b0_0;
    %cmp/u;
    %flag_get/vec4 4;
    %flag_get/vec4 5;
    %or;
    %assign/vec4 v000001f148b7cf10_0, 0;
    %pushi/vec4 1, 0, 1;
    %assign/vec4 v000001f148bf0340_0, 0;
    %load/vec4 v000001f148bf22b0_0;
    %cmpi/e 0, 0, 2;
    %jmp/0xz  T_7.58, 4;
    %load/vec4 v000001f148bf0de0_0;
    %load/vec4 v000001f148bf05c0_0;
    %part/u 1;
    %assign/vec4 v000001f148bf0480_0, 0;
T_7.58 ;
    %jmp T_7.53;
T_7.46 ;
    %pushi/vec4 2, 0, 2;
    %load/vec4 v000001f148bf22b0_0;
    %cmp/u;
    %flag_get/vec4 4;
    %flag_get/vec4 5;
    %or;
    %assign/vec4 v000001f148b7cf10_0, 0;
    %pushi/vec4 0, 0, 1;
    %assign/vec4 v000001f148bf0340_0, 0;
    %pushi/vec4 0, 0, 1;
    %assign/vec4 v000001f148bf0480_0, 0;
    %jmp T_7.53;
T_7.47 ;
    %pushi/vec4 2, 0, 2;
    %load/vec4 v000001f148bf22b0_0;
    %cmp/u;
    %flag_get/vec4 4;
    %flag_get/vec4 5;
    %or;
    %assign/vec4 v000001f148b7cf10_0, 0;
    %pushi/vec4 1, 0, 1;
    %assign/vec4 v000001f148bf0340_0, 0;
    %load/vec4 v000001f148bf22b0_0;
    %cmpi/e 0, 0, 2;
    %jmp/0xz  T_7.60, 4;
    %load/vec4 v000001f148bf19c0_0;
    %load/vec4 v000001f148bf05c0_0;
    %part/u 1;
    %assign/vec4 v000001f148bf0480_0, 0;
T_7.60 ;
    %jmp T_7.53;
T_7.48 ;
    %pushi/vec4 2, 0, 2;
    %load/vec4 v000001f148bf22b0_0;
    %cmp/u;
    %flag_get/vec4 4;
    %flag_get/vec4 5;
    %or;
    %assign/vec4 v000001f148b7cf10_0, 0;
    %pushi/vec4 0, 0, 1;
    %assign/vec4 v000001f148bf0340_0, 0;
    %pushi/vec4 0, 0, 1;
    %assign/vec4 v000001f148bf0480_0, 0;
    %jmp T_7.53;
T_7.49 ;
    %load/vec4 v000001f148bf22b0_0;
    %cmpi/u 2, 0, 2;
    %flag_inv 5; GE is !LT
    %flag_mov 8, 5;
    %jmp/0 T_7.62, 8;
    %pushi/vec4 0, 0, 2;
    %jmp/1 T_7.63, 8;
T_7.62 ; End of true expr.
    %pushi/vec4 1, 0, 2;
    %jmp/0 T_7.63, 8;
 ; End of false expr.
    %blend;
T_7.63;
    %pad/s 1;
    %assign/vec4 v000001f148b7cf10_0, 0;
    %pushi/vec4 1, 0, 1;
    %assign/vec4 v000001f148bf0340_0, 0;
    %load/vec4 v000001f148bf22b0_0;
    %cmpi/u 1, 0, 2;
    %flag_inv 5; GE is !LT
    %flag_mov 8, 5;
    %jmp/0 T_7.64, 8;
    %pushi/vec4 0, 0, 2;
    %jmp/1 T_7.65, 8;
T_7.64 ; End of true expr.
    %pushi/vec4 1, 0, 2;
    %jmp/0 T_7.65, 8;
 ; End of false expr.
    %blend;
T_7.65;
    %pad/s 1;
    %assign/vec4 v000001f148bf0480_0, 0;
    %load/vec4 v000001f148bf22b0_0;
    %cmpi/e 3, 0, 2;
    %jmp/0xz  T_7.66, 4;
T_7.66 ;
    %pushi/vec4 7, 0, 3;
    %assign/vec4 v000001f148bf05c0_0, 0;
    %jmp T_7.53;
T_7.50 ;
    %load/vec4 v000001f148bf22b0_0;
    %cmpi/u 2, 0, 2;
    %flag_inv 5; GE is !LT
    %flag_mov 8, 5;
    %jmp/0 T_7.68, 8;
    %pushi/vec4 1, 0, 2;
    %jmp/1 T_7.69, 8;
T_7.68 ; End of true expr.
    %pushi/vec4 0, 0, 2;
    %jmp/0 T_7.69, 8;
 ; End of false expr.
    %blend;
T_7.69;
    %pad/s 1;
    %assign/vec4 v000001f148b7cf10_0, 0;
    %pushi/vec4 0, 0, 1;
    %assign/vec4 v000001f148bf0340_0, 0;
    %pushi/vec4 1, 0, 1;
    %assign/vec4 v000001f148bf0480_0, 0;
    %load/vec4 v000001f148bf22b0_0;
    %cmpi/e 2, 0, 2;
    %jmp/0xz  T_7.70, 4;
    %load/vec4 v000001f148bf03e0_0;
    %ix/load 5, 0, 0;
    %ix/getv 4, v000001f148bf05c0_0;
    %assign/vec4/off/d v000001f148bf11a0_0, 4, 5;
T_7.70 ;
    %jmp T_7.53;
T_7.51 ;
    %pushi/vec4 2, 0, 2;
    %load/vec4 v000001f148bf22b0_0;
    %cmp/u;
    %flag_get/vec4 4;
    %flag_get/vec4 5;
    %or;
    %assign/vec4 v000001f148b7cf10_0, 0;
    %pushi/vec4 1, 0, 1;
    %assign/vec4 v000001f148bf0340_0, 0;
    %load/vec4 v000001f148bf1ba0_0;
    %flag_set/vec4 8;
    %jmp/0 T_7.72, 8;
    %pushi/vec4 1, 0, 2;
    %jmp/1 T_7.73, 8;
T_7.72 ; End of true expr.
    %pushi/vec4 0, 0, 2;
    %jmp/0 T_7.73, 8;
 ; End of false expr.
    %blend;
T_7.73;
    %pad/s 1;
    %assign/vec4 v000001f148bf0480_0, 0;
    %jmp T_7.53;
T_7.52 ;
    %load/vec4 v000001f148bf22b0_0;
    %cmpi/u 1, 0, 2;
    %flag_inv 5; GE is !LT
    %flag_mov 8, 5;
    %jmp/0 T_7.74, 8;
    %pushi/vec4 1, 0, 2;
    %jmp/1 T_7.75, 8;
T_7.74 ; End of true expr.
    %pushi/vec4 0, 0, 2;
    %jmp/0 T_7.75, 8;
 ; End of false expr.
    %blend;
T_7.75;
    %pad/s 1;
    %assign/vec4 v000001f148b7cf10_0, 0;
    %load/vec4 v000001f148bf22b0_0;
    %cmpi/u 2, 0, 2;
    %flag_inv 5; GE is !LT
    %flag_mov 8, 5;
    %jmp/0 T_7.76, 8;
    %pushi/vec4 0, 0, 2;
    %jmp/1 T_7.77, 8;
T_7.76 ; End of true expr.
    %pushi/vec4 1, 0, 2;
    %jmp/0 T_7.77, 8;
 ; End of false expr.
    %blend;
T_7.77;
    %pad/s 1;
    %assign/vec4 v000001f148bf0340_0, 0;
    %pushi/vec4 0, 0, 1;
    %assign/vec4 v000001f148bf0480_0, 0;
    %jmp T_7.53;
T_7.53 ;
    %pop/vec4 1;
T_7.42 ;
T_7.41 ;
T_7.39 ;
T_7.1 ;
    %jmp T_7;
    .thread T_7;
    .scope S_000001f148b97020;
T_8 ;
    %pushi/vec4 0, 0, 1;
    %store/vec4 v000001f148bf3570_0, 0, 1;
T_8.0 ;
    %delay 18500, 0;
    %load/vec4 v000001f148bf3570_0;
    %inv;
    %store/vec4 v000001f148bf3570_0, 0, 1;
    %jmp T_8.0;
    %end;
    .thread T_8;
    .scope S_000001f148b97020;
T_9 ;
    %pushi/vec4 1, 0, 1;
    %store/vec4 v000001f148bf2b70_0, 0, 1;
    %pushi/vec4 1, 0, 8;
    %store/vec4 v000001f148bf36b0_0, 0, 8;
T_9.0 ;
T_9.1 ;
    %load/vec4 v000001f148bf3e30_0;
    %pad/u 32;
    %cmpi/e 1, 0, 32;
    %flag_get/vec4 4;
    %jmp/0 T_9.3, 4;
    %load/vec4 v000001f148bf3890_0;
    %pad/u 32;
    %pushi/vec4 0, 0, 32;
    %cmp/e;
    %flag_get/vec4 4;
    %and;
T_9.3;
    %cmpi/ne 1, 0, 1;
    %jmp/0xz T_9.2, 6;
    %wait E_000001f148b93240;
    %jmp T_9.1;
T_9.2 ;
    %pushi/vec4 7, 0, 32;
    %store/vec4 v000001f148bf2170_0, 0, 32;
T_9.4 ;
    %load/vec4 v000001f148bf2170_0;
    %cmpi/s 0, 0, 32;
    %flag_inv 5; GE is !LT
    %jmp/0xz T_9.5, 5;
    %wait E_000001f148b936c0;
    %load/vec4 v000001f148bf3890_0;
    %ix/getv/s 4, v000001f148bf2170_0;
    %store/vec4 v000001f148bf2ad0_0, 4, 1;
    %load/vec4 v000001f148bf2170_0;
    %subi 1, 0, 32;
    %store/vec4 v000001f148bf2170_0, 0, 32;
    %jmp T_9.4;
T_9.5 ;
    %wait E_000001f148b93a00;
    %pushi/vec4 0, 0, 1;
    %store/vec4 v000001f148bf2b70_0, 0, 1;
    %wait E_000001f148b93a00;
    %pushi/vec4 1, 0, 1;
    %store/vec4 v000001f148bf2b70_0, 0, 1;
    %load/vec4 v000001f148bf2ad0_0;
    %parti/s 1, 0, 2;
    %pad/u 32;
    %cmpi/e 0, 0, 32;
    %jmp/0xz  T_9.6, 4;
    %pushi/vec4 7, 0, 32;
    %store/vec4 v000001f148bf2170_0, 0, 32;
T_9.8 ;
    %load/vec4 v000001f148bf2170_0;
    %cmpi/s 0, 0, 32;
    %flag_inv 5; GE is !LT
    %jmp/0xz T_9.9, 5;
    %wait E_000001f148b936c0;
    %load/vec4 v000001f148bf2170_0;
    %subi 1, 0, 32;
    %store/vec4 v000001f148bf2170_0, 0, 32;
    %jmp T_9.8;
T_9.9 ;
    %wait E_000001f148b93a00;
    %pushi/vec4 0, 0, 1;
    %store/vec4 v000001f148bf2b70_0, 0, 1;
    %wait E_000001f148b93a00;
    %pushi/vec4 1, 0, 1;
    %store/vec4 v000001f148bf2b70_0, 0, 1;
    %jmp T_9.7;
T_9.6 ;
    %pushi/vec4 0, 0, 32;
    %store/vec4 v000001f148bf2170_0, 0, 32;
T_9.10 ;
    %load/vec4 v000001f148bf2170_0;
    %cmpi/s 14, 0, 32;
    %jmp/0xz T_9.11, 5;
    %pushi/vec4 7, 0, 32;
    %store/vec4 v000001f148bf2850_0, 0, 32;
T_9.12 ;
    %load/vec4 v000001f148bf2850_0;
    %cmpi/s 0, 0, 32;
    %flag_inv 5; GE is !LT
    %jmp/0xz T_9.13, 5;
    %wait E_000001f148b93a00;
    %load/vec4 v000001f148bf36b0_0;
    %load/vec4 v000001f148bf2850_0;
    %part/s 1;
    %store/vec4 v000001f148bf2b70_0, 0, 1;
    %load/vec4 v000001f148bf2850_0;
    %subi 1, 0, 32;
    %store/vec4 v000001f148bf2850_0, 0, 32;
    %jmp T_9.12;
T_9.13 ;
    %wait E_000001f148b93a00;
    %pushi/vec4 1, 0, 1;
    %store/vec4 v000001f148bf2b70_0, 0, 1;
    %wait E_000001f148b936c0;
    %load/vec4 v000001f148bf3890_0;
    %pad/u 32;
    %cmpi/e 1, 0, 32;
    %jmp/0xz  T_9.14, 4;
    %vpi_call 2 123 "$display", "[%0t] Slave nhan NACK. Ngung gui.", $time {0 0 0};
    %pushi/vec4 1, 0, 8;
    %store/vec4 v000001f148bf36b0_0, 0, 8;
    %pushi/vec4 14, 0, 32;
    %store/vec4 v000001f148bf2170_0, 0, 32;
T_9.14 ;
    %load/vec4 v000001f148bf36b0_0;
    %addi 1, 0, 8;
    %store/vec4 v000001f148bf36b0_0, 0, 8;
    %load/vec4 v000001f148bf2170_0;
    %addi 1, 0, 32;
    %store/vec4 v000001f148bf2170_0, 0, 32;
    %jmp T_9.10;
T_9.11 ;
T_9.7 ;
    %jmp T_9.0;
    %end;
    .thread T_9;
    .scope S_000001f148b97020;
T_10 ;
    %vpi_call 2 136 "$dumpfile", "imu_system.vcd" {0 0 0};
    %vpi_call 2 137 "$dumpvars", 32'sb00000000000000000000000000000000, S_000001f148b97020 {0 0 0};
    %pushi/vec4 1, 0, 1;
    %store/vec4 v000001f148bf2990_0, 0, 1;
    %pushi/vec4 0, 0, 1;
    %store/vec4 v000001f148bf27b0_0, 0, 1;
    %delay 200000, 0;
    %pushi/vec4 0, 0, 1;
    %store/vec4 v000001f148bf2990_0, 0, 1;
    %delay 1000000, 0;
    %vpi_call 2 147 "$display", "-------------------------------------------------" {0 0 0};
    %vpi_call 2 148 "$display", "[%0t] STM32: Phat lenh Start cho FPGA...", $time {0 0 0};
    %wait E_000001f148b93480;
    %pushi/vec4 1, 0, 1;
    %store/vec4 v000001f148bf27b0_0, 0, 1;
    %wait E_000001f148b93480;
    %pushi/vec4 0, 0, 1;
    %store/vec4 v000001f148bf27b0_0, 0, 1;
T_10.0 ;
    %load/vec4 v000001f148bf3070_0;
    %cmpi/ne 1, 0, 1;
    %jmp/0xz T_10.1, 6;
    %wait E_000001f148b93300;
    %jmp T_10.0;
T_10.1 ;
    %vpi_call 2 159 "$display", "[%0t] STM32: Da nhan duoc du lieu tu FPGA!", $time {0 0 0};
    %vpi_call 2 160 "$display", "Du lieu 14 byte thu duoc (Hex): %h", v000001f148bf3610_0 {0 0 0};
    %vpi_call 2 161 "$display", "Ky vong (Hex): 0102030405060708090a0b0c0d0e" {0 0 0};
    %load/vec4 v000001f148bf3610_0;
    %pushi/vec4 2164359682, 0, 39;
    %concati/vec4 2198045700, 0, 32;
    %concati/vec4 2231731718, 0, 32;
    %concati/vec4 270, 0, 9;
    %cmp/e;
    %jmp/0xz  T_10.2, 6;
    %vpi_call 2 164 "$display", "=> KET QUA: PASSED! Logic Index v\303\240 Dich Byte hoan hao!" {0 0 0};
    %jmp T_10.3;
T_10.2 ;
    %vpi_call 2 166 "$display", "=> KET QUA: FAILED!" {0 0 0};
T_10.3 ;
    %vpi_call 2 168 "$display", "-------------------------------------------------" {0 0 0};
    %delay 50000000, 0;
    %vpi_call 2 171 "$finish" {0 0 0};
    %end;
    .thread T_10;
# The file index is used to find the file name in the following table.
:file_names 5;
    "N/A";
    "<interactive>";
    "Testbench.v";
    "labf26_IMU_Controller_FIX.v";
    "labf26_IMU_I2C_FIX.v";
