#! /c/Source/iverilog-install/bin/vvp
:ivl_version "12.0 (devel)" "(s20150603-1539-g2693dd32b)";
:ivl_delay_selection "TYPICAL";
:vpi_time_precision - 12;
:vpi_module "C:\iverilog\lib\ivl\system.vpi";
:vpi_module "C:\iverilog\lib\ivl\vhdl_sys.vpi";
:vpi_module "C:\iverilog\lib\ivl\vhdl_textio.vpi";
:vpi_module "C:\iverilog\lib\ivl\v2005_math.vpi";
:vpi_module "C:\iverilog\lib\ivl\va_math.vpi";
:vpi_module "C:\iverilog\lib\ivl\v2009.vpi";
S_0000027b2ae5bc80 .scope package, "$unit" "$unit" 2 1;
 .timescale 0 0;
S_0000027b2aea6710 .scope module, "tb_Binary_count" "tb_Binary_count" 3 2;
 .timescale -9 -12;
v0000027b2ae5ac50_0 .var "clk", 0 0;
v0000027b2ae5acf0_0 .net "count", 3 0, v0000027b2ae72b20_0;  1 drivers
v0000027b2aea6a30_0 .var "enb", 0 0;
v0000027b2aea6ad0_0 .var "rst", 0 0;
E_0000027b2aea9440 .event posedge, v0000027b2ae72f10_0;
S_0000027b2aea68a0 .scope module, "dut" "Binary_counter" 3 9, 4 1 0, S_0000027b2aea6710;
 .timescale 0 0;
    .port_info 0 /INPUT 1 "clk";
    .port_info 1 /INPUT 1 "rst";
    .port_info 2 /INPUT 1 "enb";
    .port_info 3 /OUTPUT 4 "count";
P_0000027b2aea91c0 .param/l "WIDTH" 0 4 1, +C4<00000000000000000000000000000100>;
v0000027b2ae72f10_0 .net "clk", 0 0, v0000027b2ae5ac50_0;  1 drivers
v0000027b2ae72b20_0 .var "count", 3 0;
v0000027b2ae5b4c0_0 .net "enb", 0 0, v0000027b2aea6a30_0;  1 drivers
v0000027b2ae5ae30_0 .net "rst", 0 0, v0000027b2aea6ad0_0;  1 drivers
E_0000027b2aea9b00 .event posedge, v0000027b2ae5ae30_0, v0000027b2ae72f10_0;
    .scope S_0000027b2aea68a0;
T_0 ;
    %wait E_0000027b2aea9b00;
    %load/vec4 v0000027b2ae5ae30_0;
    %flag_set/vec4 8;
    %jmp/0xz  T_0.0, 8;
    %pushi/vec4 0, 0, 4;
    %assign/vec4 v0000027b2ae72b20_0, 0;
    %jmp T_0.1;
T_0.0 ;
    %load/vec4 v0000027b2ae5b4c0_0;
    %flag_set/vec4 8;
    %jmp/0xz  T_0.2, 8;
    %load/vec4 v0000027b2ae72b20_0;
    %addi 1, 0, 4;
    %assign/vec4 v0000027b2ae72b20_0, 0;
T_0.2 ;
T_0.1 ;
    %jmp T_0;
    .thread T_0;
    .scope S_0000027b2aea6710;
T_1 ;
    %pushi/vec4 0, 0, 1;
    %store/vec4 v0000027b2ae5ac50_0, 0, 1;
    %end;
    .thread T_1;
    .scope S_0000027b2aea6710;
T_2 ;
    %delay 5000, 0;
    %load/vec4 v0000027b2ae5ac50_0;
    %inv;
    %store/vec4 v0000027b2ae5ac50_0, 0, 1;
    %jmp T_2;
    .thread T_2;
    .scope S_0000027b2aea6710;
T_3 ;
    %vpi_call/w 3 19 "$dumpfile", "dump.vcd" {0 0 0};
    %vpi_call/w 3 20 "$dumpvars", 32'sb00000000000000000000000000000000, S_0000027b2aea6710 {0 0 0};
    %pushi/vec4 1, 0, 1;
    %store/vec4 v0000027b2aea6ad0_0, 0, 1;
    %pushi/vec4 0, 0, 1;
    %store/vec4 v0000027b2aea6a30_0, 0, 1;
    %delay 15000, 0;
    %pushi/vec4 0, 0, 1;
    %store/vec4 v0000027b2aea6ad0_0, 0, 1;
    %vpi_call/w 3 26 "$display", "T=%0t | Bat dau dem...", $time {0 0 0};
    %wait E_0000027b2aea9440;
    %pushi/vec4 1, 0, 1;
    %store/vec4 v0000027b2aea6a30_0, 0, 1;
    %pushi/vec4 20, 0, 32;
T_3.0 %dup/vec4;
    %pushi/vec4 0, 0, 32;
    %cmp/s;
    %jmp/1xz T_3.1, 5;
    %jmp/1 T_3.1, 4;
    %pushi/vec4 1, 0, 32;
    %sub;
    %wait E_0000027b2aea9440;
    %jmp T_3.0;
T_3.1 ;
    %pop/vec4 1;
    %vpi_call/w 3 34 "$display", "T=%0t | Dung dem(Disable)...0", $time {0 0 0};
    %pushi/vec4 0, 0, 1;
    %store/vec4 v0000027b2aea6a30_0, 0, 1;
    %pushi/vec4 5, 0, 32;
T_3.2 %dup/vec4;
    %pushi/vec4 0, 0, 32;
    %cmp/s;
    %jmp/1xz T_3.3, 5;
    %jmp/1 T_3.3, 4;
    %pushi/vec4 1, 0, 32;
    %sub;
    %wait E_0000027b2aea9440;
    %jmp T_3.2;
T_3.3 ;
    %pop/vec4 1;
    %vpi_call/w 3 39 "$display", "T=%0t | Reset khan cap...", $time {0 0 0};
    %pushi/vec4 1, 0, 1;
    %store/vec4 v0000027b2aea6a30_0, 0, 1;
    %pushi/vec4 3, 0, 32;
T_3.4 %dup/vec4;
    %pushi/vec4 0, 0, 32;
    %cmp/s;
    %jmp/1xz T_3.5, 5;
    %jmp/1 T_3.5, 4;
    %pushi/vec4 1, 0, 32;
    %sub;
    %wait E_0000027b2aea9440;
    %jmp T_3.4;
T_3.5 ;
    %pop/vec4 1;
    %pushi/vec4 1, 0, 1;
    %store/vec4 v0000027b2aea6ad0_0, 0, 1;
    %delay 5000, 0;
    %pushi/vec4 0, 0, 1;
    %store/vec4 v0000027b2aea6ad0_0, 0, 1;
    %vpi_call/w 3 45 "$display", "-- Ket thuc mo phong--" {0 0 0};
    %vpi_call/w 3 46 "$finish" {0 0 0};
    %end;
    .thread T_3;
# The file index is used to find the file name in the following table.
:file_names 5;
    "N/A";
    "<interactive>";
    "-";
    "tb_Binary-count.v";
    "labf5_Binary-count.v";
